Start
device 1 sending HELLO
device 2 sending HELLO
device 0 sending HELLO
Remote device 2 connected
device 2 sending HELLO
Remote device 0 connected
Remote device 0 connected
Remote device 1 connected
Remote device 1 connected
device 0 sending HELLO
device 1 sending HELLO
device 2 sent 1000/10000
Remote device 2 connected
Remote device 2 connected
device 0 sent 1000/10000
device 1 sent 1000/10000
device 2 sent 2000/10000
Remote device 1 connected
device 1 recv 1000/10000
Remote device 0 connected
device 0 recv 1000/10000
device 2 recv 1000/10000
device 0 sent 2000/10000
device 1 sent 2000/10000
device 2 sent 3000/10000
device 1 recv 2000/10000
device 0 recv 2000/10000
device 2 recv 2000/10000
device 0 sent 3000/10000
device 1 sent 3000/10000
device 2 sent 4000/10000
device 1 recv 3000/10000
device 0 recv 3000/10000
device 2 recv 3000/10000
device 1 sent 4000/10000
device 0 sent 4000/10000
device 2 sent 5000/10000
device 0 recv 4000/10000
device 1 recv 4000/10000
device 2 recv 4000/10000
device 0 sent 5000/10000
device 1 sent 5000/10000
device 2 sent 6000/10000
device 0 recv 5000/10000
device 1 recv 5000/10000
device 2 recv 5000/10000
device 0 sent 6000/10000
device 1 sent 6000/10000
device 2 sent 7000/10000
device 0 recv 6000/10000
device 1 recv 6000/10000
device 2 recv 6000/10000
device 0 sent 7000/10000
device 2 sent 8000/10000
device 1 sent 7000/10000
device 1 recv 7000/10000
device 0 recv 7000/10000
device 2 recv 7000/10000
device 0 sent 8000/10000
device 1 sent 8000/10000
device 2 sent 9000/10000
device 0 recv 8000/10000
device 1 recv 8000/10000
device 2 recv 8000/10000
device 0 sent 9000/10000
device 1 sent 9000/10000
device 2 sent 10000/10000
device 1 recv 9000/10000
device 0 recv 9000/10000
device 2 recv 9000/10000
device 0 sent 10000/10000
device 0 send finish
device 1 sent 10000/10000
device 1 send finish
device 2 send finish
device 0 recv 10000/10000
device 1 recv 10000/10000
device 2 recv 10000/10000
