Start
device 0 sending HELLO
device 0 sending HELLO
Remote device 0 connected
Remote device 0 connected
device 0 sending HELLO
device 0 sent 1000/10000
device 0 recv 1000/10000
device 0 recv 2000/10000
device 0 sent 2000/10000
device 0 recv 3000/10000
device 0 sent 3000/10000
device 0 recv 4000/10000
device 0 sent 4000/10000
device 0 recv 5000/10000
device 0 sent 5000/10000
device 0 recv 6000/10000
device 0 sent 6000/10000
device 0 recv 7000/10000
device 0 sent 7000/10000
device 0 recv 8000/10000
device 0 sent 8000/10000
device 0 recv 9000/10000
device 0 sent 9000/10000
device 0 recv 10000/10000
device 0 sent 10000/10000
device 0 send finish
