> inValidCommand
> findAllValidDevice
All valid devices below: 
device veth3-2: (null)
	MAC: 76:37:E1:DE:E1:A7
device veth3-4: (null)
	MAC: BE:21:64:D2:6B:83
device veth3-0: (null)
	MAC: A6:35:13:A9:6A:D7
device any: Pseudo-device that captures on all interfaces
device nflog: Linux netfilter log (NFLOG) interface
device nfqueue: Linux netfilter queue (NFQUEUE) interface
device lo: (null)
> findAllAddedDevice
No device added.
> addDevice veth3-0
Add device veth3-0 :ID 0
> findDevice veth3-2
Device not found with name: veth3-2
> addDevice veth3-2
Add device veth3-2 :ID 1
> findAllAddedDevice
All added devices below: 
Device 0, name veth3-0, mac a6:35:13:a9:6a:d7.
Device 1, name veth3-2, mac 76:37:e1:de:e1:a7.
> findDevice veth3-2
Found device with name: veth3-2;ID :1
> findDevice veth-err
Device not found with name: veth-err
> addDevice veth-err
> addDevice veth3-4
Add device veth3-4 :ID 2
> findAllAddedDevice
All added devices below: 
Device 0, name veth3-0, mac a6:35:13:a9:6a:d7.
Device 1, name veth3-2, mac 76:37:e1:de:e1:a7.
Device 2, name veth3-4, mac be:21:64:d2:6b:83.
> exit
