[ERROR][Device::findDevice()] Device veth2-1 not found.
[INFO][Device()::addDevice()] Add device veth2-1, whose mac address is 26:76:73:c7:42:5a.
[INFO][Device::Device()] The IP address of veth2-1 is 192.24.0.2, subnet mask is 255.255.224.0
[INFO][DeviceManager::arpInsert()] Insert entry with IP 192.24.0.2 and MAC 26:76:73:c7:42:5a in the arp_cache.
[INFO][RouteTable::set_route_item()] Insert the route item with IP 192.24.0.2 and next hop IP 0.0.0.0.
[ERROR][Device::findDevice()] Device veth2-3 not found.
[INFO][Device()::addDevice()] Add device veth2-3, whose mac address is 6a:85:2d:a0:c2:57.
[INFO][Device::Device()] The IP address of veth2-3 is 192.24.16.1, subnet mask is 255.255.240.0
[INFO][DeviceManager::arpInsert()] Insert entry with IP 192.24.16.1 and MAC 6a:85:2d:a0:c2:57 in the arp_cache.
[INFO][RouteTable::set_route_item()] Insert the route item with IP 192.24.16.1 and next hop IP 0.0.0.0.
[ERROR][Device::findDevice()] Device veth2-4 not found.
[INFO][Device()::addDevice()] Add device veth2-4, whose mac address is 92:c2:89:7c:d6:a7.
[INFO][Device::Device()] The IP address of veth2-4 is 192.24.8.1, subnet mask is 255.255.252.0
[INFO][DeviceManager::arpInsert()] Insert entry with IP 192.24.8.1 and MAC 92:c2:89:7c:d6:a7 in the arp_cache.
[INFO][RouteTable::set_route_item()] Insert the route item with IP 192.24.8.1 and next hop IP 0.0.0.0.

[INFO][deviceRecvPcapHandler()] Device veth2-1 with mac 26:76:73:c7:42:5a capture an Ethernet frame from a2:fe:75:b2:52:9f to 33:33:00:00:00:16 with ETHERTYPE 0x86dd.
[INFO] The frame's destination dosn't match, drop it.

[INFO][deviceRecvPcapHandler()] Device veth2-1 with mac 26:76:73:c7:42:5a capture an Ethernet frame from 26:76:73:c7:42:5a to 33:33:00:00:00:16 with ETHERTYPE 0x86dd.
[INFO] The frame is from itself, drop it.

[INFO][deviceRecvPcapHandler()] Device veth2-1 with mac 26:76:73:c7:42:5a capture an Ethernet frame from 26:76:73:c7:42:5a to 33:33:ff:c7:42:5a with ETHERTYPE 0x86dd.
[INFO] The frame is from itself, drop it.

[INFO][deviceRecvPcapHandler()] Device veth2-1 with mac 26:76:73:c7:42:5a capture an Ethernet frame from a2:fe:75:b2:52:9f to 33:33:ff:b2:52:9f with ETHERTYPE 0x86dd.
[INFO] The frame's destination dosn't match, drop it.

[INFO][deviceRecvPcapHandler()] Device veth2-3 with mac 6a:85:2d:a0:c2:57 capture an Ethernet frame from 6a:85:2d:a0:c2:57 to 33:33:ff:a0:c2:57 with ETHERTYPE 0x86dd.
[INFO] The frame is from itself, drop it.

[INFO][deviceRecvPcapHandler()] Device veth2-3 with mac 6a:85:2d:a0:c2:57 capture an Ethernet frame from ce:dd:cb:22:4c:59 to 33:33:ff:22:4c:59 with ETHERTYPE 0x86dd.
[INFO] The frame's destination dosn't match, drop it.

[INFO][deviceRecvPcapHandler()] Device veth2-3 with mac 6a:85:2d:a0:c2:57 capture an Ethernet frame from ce:dd:cb:22:4c:59 to 33:33:00:00:00:16 with ETHERTYPE 0x86dd.
[INFO] The frame's destination dosn't match, drop it.

[INFO][deviceRecvPcapHandler()] Device veth2-4 with mac 92:c2:89:7c:d6:a7 capture an Ethernet frame from 0e:b8:c8:39:75:36 to 33:33:00:00:00:16 with ETHERTYPE 0x86dd.
[INFO] The frame's destination dosn't match, drop it.

[INFO][deviceRecvPcapHandler()] Device veth2-4 with mac 92:c2:89:7c:d6:a7 capture an Ethernet frame from 0e:b8:c8:39:75:36 to 33:33:ff:39:75:36 with ETHERTYPE 0x86dd.
[INFO] The frame's destination dosn't match, drop it.

[INFO][deviceRecvPcapHandler()] Device veth2-4 with mac 92:c2:89:7c:d6:a7 capture an Ethernet frame from 92:c2:89:7c:d6:a7 to 33:33:00:00:00:16 with ETHERTYPE 0x86dd.
[INFO] The frame is from itself, drop it.

[INFO][deviceRecvPcapHandler()] Device veth2-4 with mac 92:c2:89:7c:d6:a7 capture an Ethernet frame from 92:c2:89:7c:d6:a7 to 33:33:00:00:00:16 with ETHERTYPE 0x86dd.
[INFO] The frame is from itself, drop it.

[INFO][deviceRecvPcapHandler()] Device veth2-4 with mac 92:c2:89:7c:d6:a7 capture an Ethernet frame from 92:c2:89:7c:d6:a7 to 33:33:00:00:00:02 with ETHERTYPE 0x86dd.
[INFO] The frame is from itself, drop it.
[INFO][sendRIPRequest()] Device veth2-3 send RIP request.
[INFO][Device::sendFrame()] Device veth2-3 send ether frame with ethtype 0x123.
[INFO][sendRIPRequest()] Device veth2-1 send RIP request.
[INFO][Device::sendFrame()] Device veth2-1 send ether frame with ethtype 0x123.
[INFO][sendRIPRequest()] Device veth2-4 send RIP request.
[INFO][Device::sendFrame()] Device veth2-4 send ether frame with ethtype 0x123.

[INFO][deviceRecvPcapHandler()] Device veth2-1 with mac 26:76:73:c7:42:5a capture an Ethernet frame from 26:76:73:c7:42:5a to 33:33:00:00:00:16 with ETHERTYPE 0x86dd.
[INFO] The frame is from itself, drop it.

[INFO][deviceRecvPcapHandler()] Device veth2-1 with mac 26:76:73:c7:42:5a capture an Ethernet frame from 26:76:73:c7:42:5a to 33:33:00:00:00:02 with ETHERTYPE 0x86dd.
[INFO] The frame is from itself, drop it.

[INFO][deviceRecvPcapHandler()] Device veth2-1 with mac 26:76:73:c7:42:5a capture an Ethernet frame from a2:fe:75:b2:52:9f to 33:33:00:00:00:16 with ETHERTYPE 0x86dd.
[INFO] The frame's destination dosn't match, drop it.

[INFO][deviceRecvPcapHandler()] Device veth2-1 with mac 26:76:73:c7:42:5a capture an Ethernet frame from a2:fe:75:b2:52:9f to 33:33:00:00:00:02 with ETHERTYPE 0x86dd.
[INFO] The frame's destination dosn't match, drop it.

[INFO][deviceRecvPcapHandler()] Device veth2-1 with mac 26:76:73:c7:42:5a capture an Ethernet frame from a2:fe:75:b2:52:9f to ff:ff:ff:ff:ff:ff with ETHERTYPE 0x0123.
[INFO] The frame is RIP request packet.
[INFO][handleRIPRequest()]
[INFO][Device::getDeviceByIPPrefix(ip)] Device veth2-1 found with id 0 and ip 192.24.0.1.
[INFO][Device::sendFrame()] Device veth2-1 send ether frame with ethtype 0x123.
[INFO][sendRIPReply()] Device veth2-1 send RIP reply.

[INFO][deviceRecvPcapHandler()] Device veth2-3 with mac 6a:85:2d:a0:c2:57 capture an Ethernet frame from 6a:85:2d:a0:c2:57 to 33:33:00:00:00:16 with ETHERTYPE 0x86dd.
[INFO] The frame is from itself, drop it.

[INFO][deviceRecvPcapHandler()] Device veth2-3 with mac 6a:85:2d:a0:c2:57 capture an Ethernet frame from 6a:85:2d:a0:c2:57 to 33:33:00:00:00:02 with ETHERTYPE 0x86dd.
[INFO] The frame is from itself, drop it.

[INFO][deviceRecvPcapHandler()] Device veth2-3 with mac 6a:85:2d:a0:c2:57 capture an Ethernet frame from ce:dd:cb:22:4c:59 to 33:33:00:00:00:16 with ETHERTYPE 0x86dd.
[INFO] The frame's destination dosn't match, drop it.

[INFO][deviceRecvPcapHandler()] Device veth2-3 with mac 6a:85:2d:a0:c2:57 capture an Ethernet frame from ce:dd:cb:22:4c:59 to 33:33:00:00:00:02 with ETHERTYPE 0x86dd.
[INFO] The frame's destination dosn't match, drop it.

[INFO][deviceRecvPcapHandler()] Device veth2-3 with mac 6a:85:2d:a0:c2:57 capture an Ethernet frame from 6a:85:2d:a0:c2:57 to 33:33:00:00:00:16 with ETHERTYPE 0x86dd.
[INFO] The frame is from itself, drop it.

[INFO][deviceRecvPcapHandler()] Device veth2-3 with mac 6a:85:2d:a0:c2:57 capture an Ethernet frame from ce:dd:cb:22:4c:59 to ff:ff:ff:ff:ff:ff with ETHERTYPE 0x0123.
[INFO] The frame is RIP request packet.
[INFO][handleRIPRequest()]
[INFO][Device::getDeviceByIPPrefix(ip)] Device veth2-3 found with id 1 and ip 192.24.16.2.
[INFO][Device::sendFrame()] Device veth2-3 send ether frame with ethtype 0x123.
[INFO][sendRIPReply()] Device veth2-3 send RIP reply.

[INFO][deviceRecvPcapHandler()] Device veth2-4 with mac 92:c2:89:7c:d6:a7 capture an Ethernet frame from 92:c2:89:7c:d6:a7 to 33:33:00:00:00:16 with ETHERTYPE 0x86dd.
[INFO] The frame is from itself, drop it.

[INFO][deviceRecvPcapHandler()] Device veth2-4 with mac 92:c2:89:7c:d6:a7 capture an Ethernet frame from 0e:b8:c8:39:75:36 to 33:33:00:00:00:16 with ETHERTYPE 0x86dd.
[INFO] The frame's destination dosn't match, drop it.

[INFO][deviceRecvPcapHandler()] Device veth2-4 with mac 92:c2:89:7c:d6:a7 capture an Ethernet frame from 0e:b8:c8:39:75:36 to 33:33:00:00:00:02 with ETHERTYPE 0x86dd.
[INFO] The frame's destination dosn't match, drop it.

[INFO][deviceRecvPcapHandler()] Device veth2-4 with mac 92:c2:89:7c:d6:a7 capture an Ethernet frame from 0e:b8:c8:39:75:36 to ff:ff:ff:ff:ff:ff with ETHERTYPE 0x0123.
[INFO] The frame is RIP request packet.
[INFO][handleRIPRequest()]
[INFO][Device::getDeviceByIPPrefix(ip)] Device veth2-4 found with id 2 and ip 192.24.8.2.
[INFO][Device::sendFrame()] Device veth2-4 send ether frame with ethtype 0x123.
[INFO][sendRIPReply()] Device veth2-4 send RIP reply.

[INFO][deviceRecvPcapHandler()] Device veth2-4 with mac 92:c2:89:7c:d6:a7 capture an Ethernet frame from 0e:b8:c8:39:75:36 to ff:ff:ff:ff:ff:ff with ETHERTYPE 0x0123.
[INFO] The frame is RIP response packet.
[INFO][handleRIPReply()]
[INFO][Device::getDeviceByIPPrefix(ip)] Device veth2-4 found with id 2 and ip 192.24.8.2.
[ERROR][Device::getDeviceByIP(ip)] Device with IP 0.0.0.0 not found.

[INFO][deviceRecvPcapHandler()] Device veth2-3 with mac 6a:85:2d:a0:c2:57 capture an Ethernet frame from ce:dd:cb:22:4c:59 to 33:33:00:00:00:16 with ETHERTYPE 0x86dd.
[INFO] The frame's destination dosn't match, drop it.

[INFO][deviceRecvPcapHandler()] Device veth2-3 with mac 6a:85:2d:a0:c2:57 capture an Ethernet frame from ce:dd:cb:22:4c:59 to ff:ff:ff:ff:ff:ff with ETHERTYPE 0x0123.
[INFO] The frame is RIP response packet.
[INFO][handleRIPReply()]
[INFO][Device::getDeviceByIPPrefix(ip)] Device veth2-3 found with id 1 and ip 192.24.16.2.
[ERROR][Device::getDeviceByIP(ip)] Device with IP 0.0.0.0 not found.

[INFO][deviceRecvPcapHandler()] Device veth2-1 with mac 26:76:73:c7:42:5a capture an Ethernet frame from a2:fe:75:b2:52:9f to ff:ff:ff:ff:ff:ff with ETHERTYPE 0x0123.
[INFO] The frame is RIP response packet.
[INFO][handleRIPReply()]
[INFO][Device::getDeviceByIPPrefix(ip)] Device veth2-1 found with id 0 and ip 192.24.0.1.
[ERROR][Device::getDeviceByIP(ip)] Device with IP 0.0.0.0 not found.

[INFO][deviceRecvPcapHandler()] Device veth2-1 with mac 26:76:73:c7:42:5a capture an Ethernet frame from 26:76:73:c7:42:5a to 33:33:00:00:00:16 with ETHERTYPE 0x86dd.
[INFO] The frame is from itself, drop it.

[INFO][deviceRecvPcapHandler()] Device veth2-1 with mac 26:76:73:c7:42:5a capture an Ethernet frame from a2:fe:75:b2:52:9f to 33:33:00:00:00:16 with ETHERTYPE 0x86dd.
[INFO] The frame's destination dosn't match, drop it.

[INFO][deviceRecvPcapHandler()] Device veth2-4 with mac 92:c2:89:7c:d6:a7 capture an Ethernet frame from 0e:b8:c8:39:75:36 to 33:33:00:00:00:16 with ETHERTYPE 0x86dd.
[INFO] The frame's destination dosn't match, drop it.
[INFO][sendRIPRequest()] Device veth2-1 send RIP request.
[INFO][Device::sendFrame()] Device veth2-1 send ether frame with ethtype 0x123.
[INFO][sendRIPRequest()] Device veth2-3 send RIP request.
[INFO][Device::sendFrame()] Device veth2-3 send ether frame with ethtype 0x123.
[INFO][sendRIPRequest()] Device veth2-4 send RIP request.
[INFO][Device::sendFrame()] Device veth2-4 send ether frame with ethtype 0x123.

[INFO][deviceRecvPcapHandler()] Device veth2-1 with mac 26:76:73:c7:42:5a capture an Ethernet frame from a2:fe:75:b2:52:9f to ff:ff:ff:ff:ff:ff with ETHERTYPE 0x0123.
[INFO] The frame is RIP request packet.
[INFO][handleRIPRequest()]
[INFO][Device::getDeviceByIPPrefix(ip)] Device veth2-1 found with id 0 and ip 192.24.0.1.
[INFO][Device::sendFrame()] Device veth2-1 send ether frame with ethtype 0x123.
[INFO][sendRIPReply()] Device veth2-1 send RIP reply.

[INFO][deviceRecvPcapHandler()] Device veth2-3 with mac 6a:85:2d:a0:c2:57 capture an Ethernet frame from ce:dd:cb:22:4c:59 to ff:ff:ff:ff:ff:ff with ETHERTYPE 0x0123.
[INFO] The frame is RIP request packet.
[INFO][handleRIPRequest()]
[INFO][Device::getDeviceByIPPrefix(ip)] Device veth2-3 found with id 1 and ip 192.24.16.2.
[INFO][Device::sendFrame()] Device veth2-3 send ether frame with ethtype 0x123.
[INFO][sendRIPReply()] Device veth2-3 send RIP reply.

[INFO][deviceRecvPcapHandler()] Device veth2-4 with mac 92:c2:89:7c:d6:a7 capture an Ethernet frame from 0e:b8:c8:39:75:36 to ff:ff:ff:ff:ff:ff with ETHERTYPE 0x0123.
[INFO] The frame is RIP request packet.
[INFO][handleRIPRequest()]
[INFO][Device::getDeviceByIPPrefix(ip)] Device veth2-4 found with id 2 and ip 192.24.8.2.
[INFO][Device::sendFrame()] Device veth2-4 send ether frame with ethtype 0x123.
[INFO][sendRIPReply()] Device veth2-4 send RIP reply.

[INFO][deviceRecvPcapHandler()] Device veth2-4 with mac 92:c2:89:7c:d6:a7 capture an Ethernet frame from 0e:b8:c8:39:75:36 to ff:ff:ff:ff:ff:ff with ETHERTYPE 0x0123.
[INFO] The frame is RIP response packet.
[INFO][handleRIPReply()]
[INFO][Device::getDeviceByIPPrefix(ip)] Device veth2-4 found with id 2 and ip 192.24.8.2.
[INFO][Device::getDeviceByIP(ip)] Device veth2-4 found with id 2 and ip 192.24.8.1.
[INFO][Device::getDeviceByIP(ip)] Device veth2-4 found with id 2 and ip 192.24.8.1.
[ERROR][Device::getDeviceByIP(ip)] Device with IP 0.0.0.0 not found.

[INFO][deviceRecvPcapHandler()] Device veth2-3 with mac 6a:85:2d:a0:c2:57 capture an Ethernet frame from ce:dd:cb:22:4c:59 to ff:ff:ff:ff:ff:ff with ETHERTYPE 0x0123.
[INFO] The frame is RIP response packet.
[INFO][handleRIPReply()]
[INFO][Device::getDeviceByIPPrefix(ip)] Device veth2-3 found with id 1 and ip 192.24.16.2.
[INFO][Device::getDeviceByIP(ip)] Device veth2-3 found with id 1 and ip 192.24.16.1.
[ERROR][Device::getDeviceByIP(ip)] Device with IP 0.0.0.0 not found.
[INFO][Device::getDeviceByIP(ip)] Device veth2-3 found with id 1 and ip 192.24.16.1.

[INFO][deviceRecvPcapHandler()] Device veth2-1 with mac 26:76:73:c7:42:5a capture an Ethernet frame from a2:fe:75:b2:52:9f to ff:ff:ff:ff:ff:ff with ETHERTYPE 0x0123.
[INFO] The frame is RIP response packet.
[INFO][handleRIPReply()]
[INFO][Device::getDeviceByIPPrefix(ip)] Device veth2-1 found with id 0 and ip 192.24.0.1.
[ERROR][Device::getDeviceByIP(ip)] Device with IP 0.0.0.0 not found.
[ERROR][Device::getDeviceByIP(ip)] Device with IP 0.0.0.0 not found.
[ERROR][Device::getDeviceByIP(ip)] Device with IP 0.0.0.0 not found.

[INFO][deviceRecvPcapHandler()] Device veth2-4 with mac 92:c2:89:7c:d6:a7 capture an Ethernet frame from 92:c2:89:7c:d6:a7 to 33:33:00:00:00:02 with ETHERTYPE 0x86dd.
[INFO] The frame is from itself, drop it.
[INFO][sendRIPRequest()] Device veth2-3 send RIP request.
[INFO][Device::sendFrame()] Device veth2-3 send ether frame with ethtype 0x123.
[INFO][sendRIPRequest()] Device veth2-1 send RIP request.
[INFO][Device::sendFrame()] Device veth2-1 send ether frame with ethtype 0x123.
[INFO][sendRIPRequest()] Device veth2-4 send RIP request.
[INFO][Device::sendFrame()] Device veth2-4 send ether frame with ethtype 0x123.

[INFO][deviceRecvPcapHandler()] Device veth2-1 with mac 26:76:73:c7:42:5a capture an Ethernet frame from 26:76:73:c7:42:5a to 33:33:00:00:00:02 with ETHERTYPE 0x86dd.
[INFO] The frame is from itself, drop it.

[INFO][deviceRecvPcapHandler()] Device veth2-1 with mac 26:76:73:c7:42:5a capture an Ethernet frame from a2:fe:75:b2:52:9f to 33:33:00:00:00:02 with ETHERTYPE 0x86dd.
[INFO] The frame's destination dosn't match, drop it.

[INFO][deviceRecvPcapHandler()] Device veth2-1 with mac 26:76:73:c7:42:5a capture an Ethernet frame from a2:fe:75:b2:52:9f to ff:ff:ff:ff:ff:ff with ETHERTYPE 0x0123.
[INFO] The frame is RIP request packet.
[INFO][handleRIPRequest()]
[INFO][Device::getDeviceByIPPrefix(ip)] Device veth2-1 found with id 0 and ip 192.24.0.1.
[INFO][Device::sendFrame()] Device veth2-1 send ether frame with ethtype 0x123.
[INFO][sendRIPReply()] Device veth2-1 send RIP reply.

[INFO][deviceRecvPcapHandler()] Device veth2-3 with mac 6a:85:2d:a0:c2:57 capture an Ethernet frame from 6a:85:2d:a0:c2:57 to 33:33:00:00:00:02 with ETHERTYPE 0x86dd.
[INFO] The frame is from itself, drop it.

[INFO][deviceRecvPcapHandler()] Device veth2-3 with mac 6a:85:2d:a0:c2:57 capture an Ethernet frame from ce:dd:cb:22:4c:59 to 33:33:00:00:00:02 with ETHERTYPE 0x86dd.
[INFO] The frame's destination dosn't match, drop it.

[INFO][deviceRecvPcapHandler()] Device veth2-3 with mac 6a:85:2d:a0:c2:57 capture an Ethernet frame from ce:dd:cb:22:4c:59 to ff:ff:ff:ff:ff:ff with ETHERTYPE 0x0123.
[INFO] The frame is RIP request packet.
[INFO][handleRIPRequest()]
[INFO][Device::getDeviceByIPPrefix(ip)] Device veth2-3 found with id 1 and ip 192.24.16.2.
[INFO][Device::sendFrame()] Device veth2-3 send ether frame with ethtype 0x123.
[INFO][sendRIPReply()] Device veth2-3 send RIP reply.

[INFO][deviceRecvPcapHandler()] Device veth2-4 with mac 92:c2:89:7c:d6:a7 capture an Ethernet frame from 0e:b8:c8:39:75:36 to 33:33:00:00:00:02 with ETHERTYPE 0x86dd.
[INFO] The frame's destination dosn't match, drop it.

[INFO][deviceRecvPcapHandler()] Device veth2-4 with mac 92:c2:89:7c:d6:a7 capture an Ethernet frame from 0e:b8:c8:39:75:36 to ff:ff:ff:ff:ff:ff with ETHERTYPE 0x0123.
[INFO] The frame is RIP request packet.
[INFO][handleRIPRequest()]
[INFO][Device::getDeviceByIPPrefix(ip)] Device veth2-4 found with id 2 and ip 192.24.8.2.
[INFO][Device::sendFrame()] Device veth2-4 send ether frame with ethtype 0x123.
[INFO][sendRIPReply()] Device veth2-4 send RIP reply.

[INFO][deviceRecvPcapHandler()] Device veth2-4 with mac 92:c2:89:7c:d6:a7 capture an Ethernet frame from 0e:b8:c8:39:75:36 to ff:ff:ff:ff:ff:ff with ETHERTYPE 0x0123.
[INFO] The frame is RIP response packet.
[INFO][handleRIPReply()]
[INFO][Device::getDeviceByIPPrefix(ip)] Device veth2-4 found with id 2 and ip 192.24.8.2.
[INFO][Device::getDeviceByIP(ip)] Device veth2-4 found with id 2 and ip 192.24.8.1.
[INFO][Device::getDeviceByIP(ip)] Device veth2-4 found with id 2 and ip 192.24.8.1.
[ERROR][Device::getDeviceByIP(ip)] Device with IP 0.0.0.0 not found.

[INFO][deviceRecvPcapHandler()] Device veth2-3 with mac 6a:85:2d:a0:c2:57 capture an Ethernet frame from ce:dd:cb:22:4c:59 to ff:ff:ff:ff:ff:ff with ETHERTYPE 0x0123.
[INFO] The frame is RIP response packet.
[INFO][handleRIPReply()]
[INFO][Device::getDeviceByIPPrefix(ip)] Device veth2-3 found with id 1 and ip 192.24.16.2.
[INFO][Device::getDeviceByIP(ip)] Device veth2-3 found with id 1 and ip 192.24.16.1.
[ERROR][Device::getDeviceByIP(ip)] Device with IP 0.0.0.0 not found.
[INFO][Device::getDeviceByIP(ip)] Device veth2-3 found with id 1 and ip 192.24.16.1.

[INFO][deviceRecvPcapHandler()] Device veth2-1 with mac 26:76:73:c7:42:5a capture an Ethernet frame from a2:fe:75:b2:52:9f to ff:ff:ff:ff:ff:ff with ETHERTYPE 0x0123.
[INFO] The frame is RIP response packet.
[INFO][handleRIPReply()]
[INFO][Device::getDeviceByIPPrefix(ip)] Device veth2-1 found with id 0 and ip 192.24.0.1.
[ERROR][Device::getDeviceByIP(ip)] Device with IP 0.0.0.0 not found.
[ERROR][Device::getDeviceByIP(ip)] Device with IP 0.0.0.0 not found.
[ERROR][Device::getDeviceByIP(ip)] Device with IP 0.0.0.0 not found.
[INFO][sendRIPRequest()] Device veth2-1 send RIP request.
[INFO][Device::sendFrame()] Device veth2-1 send ether frame with ethtype 0x123.
[INFO][sendRIPRequest()] Device veth2-3 send RIP request.
[INFO][Device::sendFrame()] Device veth2-3 send ether frame with ethtype 0x123.
[INFO][sendRIPRequest()] Device veth2-4 send RIP request.
[INFO][Device::sendFrame()] Device veth2-4 send ether frame with ethtype 0x123.

[INFO][deviceRecvPcapHandler()] Device veth2-1 with mac 26:76:73:c7:42:5a capture an Ethernet frame from a2:fe:75:b2:52:9f to ff:ff:ff:ff:ff:ff with ETHERTYPE 0x0123.
[INFO] The frame is RIP request packet.
[INFO][handleRIPRequest()]
[INFO][Device::getDeviceByIPPrefix(ip)] Device veth2-1 found with id 0 and ip 192.24.0.1.
[INFO][Device::sendFrame()] Device veth2-1 send ether frame with ethtype 0x123.
[INFO][sendRIPReply()] Device veth2-1 send RIP reply.

[INFO][deviceRecvPcapHandler()] Device veth2-3 with mac 6a:85:2d:a0:c2:57 capture an Ethernet frame from ce:dd:cb:22:4c:59 to ff:ff:ff:ff:ff:ff with ETHERTYPE 0x0123.
[INFO] The frame is RIP request packet.
[INFO][handleRIPRequest()]
[INFO][Device::getDeviceByIPPrefix(ip)] Device veth2-3 found with id 1 and ip 192.24.16.2.
[INFO][Device::sendFrame()] Device veth2-3 send ether frame with ethtype 0x123.
[INFO][sendRIPReply()] Device veth2-3 send RIP reply.

[INFO][deviceRecvPcapHandler()] Device veth2-4 with mac 92:c2:89:7c:d6:a7 capture an Ethernet frame from 0e:b8:c8:39:75:36 to ff:ff:ff:ff:ff:ff with ETHERTYPE 0x0123.
[INFO] The frame is RIP request packet.
[INFO][handleRIPRequest()]
[INFO][Device::getDeviceByIPPrefix(ip)] Device veth2-4 found with id 2 and ip 192.24.8.2.
[INFO][Device::sendFrame()] Device veth2-4 send ether frame with ethtype 0x123.
[INFO][sendRIPReply()] Device veth2-4 send RIP reply.

[INFO][deviceRecvPcapHandler()] Device veth2-4 with mac 92:c2:89:7c:d6:a7 capture an Ethernet frame from 0e:b8:c8:39:75:36 to ff:ff:ff:ff:ff:ff with ETHERTYPE 0x0123.
[INFO] The frame is RIP response packet.
[INFO][handleRIPReply()]
[INFO][Device::getDeviceByIPPrefix(ip)] Device veth2-4 found with id 2 and ip 192.24.8.2.
[INFO][Device::getDeviceByIP(ip)] Device veth2-4 found with id 2 and ip 192.24.8.1.
[INFO][Device::getDeviceByIP(ip)] Device veth2-4 found with id 2 and ip 192.24.8.1.
[ERROR][Device::getDeviceByIP(ip)] Device with IP 0.0.0.0 not found.

[INFO][deviceRecvPcapHandler()] Device veth2-3 with mac 6a:85:2d:a0:c2:57 capture an Ethernet frame from ce:dd:cb:22:4c:59 to ff:ff:ff:ff:ff:ff with ETHERTYPE 0x0123.
[INFO] The frame is RIP response packet.
[INFO][handleRIPReply()]
[INFO][Device::getDeviceByIPPrefix(ip)] Device veth2-3 found with id 1 and ip 192.24.16.2.
[INFO][Device::getDeviceByIP(ip)] Device veth2-3 found with id 1 and ip 192.24.16.1.
[ERROR][Device::getDeviceByIP(ip)] Device with IP 0.0.0.0 not found.
[INFO][Device::getDeviceByIP(ip)] Device veth2-3 found with id 1 and ip 192.24.16.1.

[INFO][deviceRecvPcapHandler()] Device veth2-1 with mac 26:76:73:c7:42:5a capture an Ethernet frame from a2:fe:75:b2:52:9f to ff:ff:ff:ff:ff:ff with ETHERTYPE 0x0123.
[INFO] The frame is RIP response packet.
[INFO][handleRIPReply()]
[INFO][Device::getDeviceByIPPrefix(ip)] Device veth2-1 found with id 0 and ip 192.24.0.1.
[ERROR][Device::getDeviceByIP(ip)] Device with IP 0.0.0.0 not found.
[ERROR][Device::getDeviceByIP(ip)] Device with IP 0.0.0.0 not found.
[ERROR][Device::getDeviceByIP(ip)] Device with IP 0.0.0.0 not found.
[INFO][sendRIPRequest()] Device veth2-1 send RIP request.
[INFO][Device::sendFrame()] Device veth2-1 send ether frame with ethtype 0x123.
[INFO][sendRIPRequest()] Device veth2-3 send RIP request.
[INFO][Device::sendFrame()] Device veth2-3 send ether frame with ethtype 0x123.
[INFO][sendRIPRequest()] Device veth2-4 send RIP request.
[INFO][Device::sendFrame()] Device veth2-4 send ether frame with ethtype 0x123.

[INFO][deviceRecvPcapHandler()] Device veth2-1 with mac 26:76:73:c7:42:5a capture an Ethernet frame from a2:fe:75:b2:52:9f to ff:ff:ff:ff:ff:ff with ETHERTYPE 0x0806.
[INFO] The frame is ARP request packet.
[INFO][handleARPRequest()]
[INFO][DeviceManager::arpInsert()] Insert entry with IP 192.24.0.1 and MAC a2:fe:75:b2:52:9f in the arp_cache.
[INFO][DeviceManager::arpQueryMac()] Successfully query IP 192.24.0.1 at arp_cache, return MAC a2:fe:75:b2:52:9f.
[INFO][Device::sendFrame()] Device veth2-1 send ether frame with ethtype 0x806.
[INFO][sendARPReply()] Device veth2-1 sends ARP reply to IP 192.24.0.1

[INFO][deviceRecvPcapHandler()] Device veth2-1 with mac 26:76:73:c7:42:5a capture an Ethernet frame from a2:fe:75:b2:52:9f to ff:ff:ff:ff:ff:ff with ETHERTYPE 0x0123.
[INFO] The frame is RIP request packet.
[INFO][handleRIPRequest()]
[INFO][Device::getDeviceByIPPrefix(ip)] Device veth2-1 found with id 0 and ip 192.24.0.1.
[INFO][Device::sendFrame()] Device veth2-1 send ether frame with ethtype 0x123.
[INFO][sendRIPReply()] Device veth2-1 send RIP reply.

[INFO][deviceRecvPcapHandler()] Device veth2-3 with mac 6a:85:2d:a0:c2:57 capture an Ethernet frame from ce:dd:cb:22:4c:59 to ff:ff:ff:ff:ff:ff with ETHERTYPE 0x0123.
[INFO] The frame is RIP request packet.
[INFO][handleRIPRequest()]
[INFO][Device::getDeviceByIPPrefix(ip)] Device veth2-3 found with id 1 and ip 192.24.16.2.
[INFO][Device::sendFrame()] Device veth2-3 send ether frame with ethtype 0x123.
[INFO][sendRIPReply()] Device veth2-3 send RIP reply.

[INFO][deviceRecvPcapHandler()] Device veth2-4 with mac 92:c2:89:7c:d6:a7 capture an Ethernet frame from 0e:b8:c8:39:75:36 to ff:ff:ff:ff:ff:ff with ETHERTYPE 0x0123.
[INFO] The frame is RIP request packet.
[INFO][handleRIPRequest()]
[INFO][Device::getDeviceByIPPrefix(ip)] Device veth2-4 found with id 2 and ip 192.24.8.2.
[INFO][Device::sendFrame()] Device veth2-4 send ether frame with ethtype 0x123.
[INFO][sendRIPReply()] Device veth2-4 send RIP reply.

[INFO][deviceRecvPcapHandler()] Device veth2-4 with mac 92:c2:89:7c:d6:a7 capture an Ethernet frame from 0e:b8:c8:39:75:36 to ff:ff:ff:ff:ff:ff with ETHERTYPE 0x0123.
[INFO] The frame is RIP response packet.
[INFO][handleRIPReply()]
[INFO][Device::getDeviceByIPPrefix(ip)] Device veth2-4 found with id 2 and ip 192.24.8.2.
[INFO][Device::getDeviceByIP(ip)] Device veth2-4 found with id 2 and ip 192.24.8.1.
[INFO][Device::getDeviceByIP(ip)] Device veth2-4 found with id 2 and ip 192.24.8.1.
[ERROR][Device::getDeviceByIP(ip)] Device with IP 0.0.0.0 not found.

[INFO][deviceRecvPcapHandler()] Device veth2-3 with mac 6a:85:2d:a0:c2:57 capture an Ethernet frame from ce:dd:cb:22:4c:59 to ff:ff:ff:ff:ff:ff with ETHERTYPE 0x0123.
[INFO] The frame is RIP response packet.
[INFO][handleRIPReply()]
[INFO][Device::getDeviceByIPPrefix(ip)] Device veth2-3 found with id 1 and ip 192.24.16.2.
[INFO][Device::getDeviceByIP(ip)] Device veth2-3 found with id 1 and ip 192.24.16.1.
[ERROR][Device::getDeviceByIP(ip)] Device with IP 0.0.0.0 not found.
[INFO][Device::getDeviceByIP(ip)] Device veth2-3 found with id 1 and ip 192.24.16.1.

[INFO][deviceRecvPcapHandler()] Device veth2-1 with mac 26:76:73:c7:42:5a capture an Ethernet frame from a2:fe:75:b2:52:9f to ff:ff:ff:ff:ff:ff with ETHERTYPE 0x0123.
[INFO] The frame is RIP response packet.
[INFO][handleRIPReply()]
[INFO][Device::getDeviceByIPPrefix(ip)] Device veth2-1 found with id 0 and ip 192.24.0.1.
[ERROR][Device::getDeviceByIP(ip)] Device with IP 0.0.0.0 not found.
[INFO][Device::getDeviceByIP(ip)] Device veth2-1 found with id 0 and ip 192.24.0.2.
[INFO][Device::getDeviceByIP(ip)] Device veth2-1 found with id 0 and ip 192.24.0.2.
[INFO][sendRIPRequest()] Device veth2-3 send RIP request.
[INFO][Device::sendFrame()] Device veth2-3 send ether frame with ethtype 0x123.
[INFO][sendRIPRequest()] Device veth2-4 send RIP request.
[INFO][Device::sendFrame()] Device veth2-4 send ether frame with ethtype 0x123.
[INFO][sendRIPRequest()] Device veth2-1 send RIP request.
[INFO][Device::sendFrame()] Device veth2-1 send ether frame with ethtype 0x123.

[INFO][deviceRecvPcapHandler()] Device veth2-1 with mac 26:76:73:c7:42:5a capture an Ethernet frame from a2:fe:75:b2:52:9f to 26:76:73:c7:42:5a with ETHERTYPE 0x0800.
[INFO][handleIPPacket()]
[ERROR][Device::getDeviceByIP(ip)] Device with IP 192.24.8.2 not found.
[INFO][RouteTable::query_next_hop()] Query next hop at IP 192.24.8.2.
[INFO][RouteTable::query_next_hop()] The IP 192.24.8.2 has next hop 0.0.0.0.
[ERROR][DeviceManager::arpQueryMac()] IP 192.24.8.2 is not at arp_cache. I will send an ARP request.
[INFO][Device::sendFrame()] Device veth2-1 send ether frame with ethtype 0x806.
[INFO][sendARPRequest()] Device veth2-1 sends ARP request to IP 192.24.8.2
[INFO][Device::sendFrame()] Device veth2-3 send ether frame with ethtype 0x806.
[INFO][sendARPRequest()] Device veth2-3 sends ARP request to IP 192.24.8.2
[INFO][Device::sendFrame()] Device veth2-4 send ether frame with ethtype 0x806.
[INFO][sendARPRequest()] Device veth2-4 sends ARP request to IP 192.24.8.2

[INFO][deviceRecvPcapHandler()] Device veth2-3 with mac 6a:85:2d:a0:c2:57 capture an Ethernet frame from ce:dd:cb:22:4c:59 to ff:ff:ff:ff:ff:ff with ETHERTYPE 0x0123.
[INFO] The frame is RIP request packet.
[INFO][handleRIPRequest()]
[INFO][Device::getDeviceByIPPrefix(ip)] Device veth2-3 found with id 1 and ip 192.24.16.2.
[INFO][Device::sendFrame()] Device veth2-3 send ether frame with ethtype 0x123.
[INFO][sendRIPReply()] Device veth2-3 send RIP reply.

[INFO][deviceRecvPcapHandler()] Device veth2-4 with mac 92:c2:89:7c:d6:a7 capture an Ethernet frame from 0e:b8:c8:39:75:36 to ff:ff:ff:ff:ff:ff with ETHERTYPE 0x0123.
[INFO] The frame is RIP request packet.
[INFO][handleRIPRequest()]
[INFO][Device::getDeviceByIPPrefix(ip)] Device veth2-4 found with id 2 and ip 192.24.8.2.
[INFO][Device::sendFrame()] Device veth2-4 send ether frame with ethtype 0x123.
[INFO][sendRIPReply()] Device veth2-4 send RIP reply.

[INFO][deviceRecvPcapHandler()] Device veth2-4 with mac 92:c2:89:7c:d6:a7 capture an Ethernet frame from 0e:b8:c8:39:75:36 to ff:ff:ff:ff:ff:ff with ETHERTYPE 0x0123.
[INFO] The frame is RIP response packet.
[INFO][handleRIPReply()]
[INFO][Device::getDeviceByIPPrefix(ip)] Device veth2-4 found with id 2 and ip 192.24.8.2.
[INFO][Device::getDeviceByIP(ip)] Device veth2-4 found with id 2 and ip 192.24.8.1.
[INFO][Device::getDeviceByIP(ip)] Device veth2-4 found with id 2 and ip 192.24.8.1.
[ERROR][Device::getDeviceByIP(ip)] Device with IP 0.0.0.0 not found.

[INFO][deviceRecvPcapHandler()] Device veth2-3 with mac 6a:85:2d:a0:c2:57 capture an Ethernet frame from ce:dd:cb:22:4c:59 to ff:ff:ff:ff:ff:ff with ETHERTYPE 0x0123.
[INFO] The frame is RIP response packet.
[INFO][handleRIPReply()]
[INFO][Device::getDeviceByIPPrefix(ip)] Device veth2-3 found with id 1 and ip 192.24.16.2.
[INFO][Device::getDeviceByIP(ip)] Device veth2-3 found with id 1 and ip 192.24.16.1.
[ERROR][Device::getDeviceByIP(ip)] Device with IP 0.0.0.0 not found.
[INFO][Device::getDeviceByIP(ip)] Device veth2-3 found with id 1 and ip 192.24.16.1.

[INFO][deviceRecvPcapHandler()] Device veth2-4 with mac 92:c2:89:7c:d6:a7 capture an Ethernet frame from 92:c2:89:7c:d6:a7 to 33:33:00:00:00:02 with ETHERTYPE 0x86dd.
[INFO] The frame is from itself, drop it.

[INFO][deviceRecvPcapHandler()] Device veth2-4 with mac 92:c2:89:7c:d6:a7 capture an Ethernet frame from 0e:b8:c8:39:75:36 to 33:33:00:00:00:02 with ETHERTYPE 0x86dd.
[INFO] The frame's destination dosn't match, drop it.

[INFO][deviceRecvPcapHandler()] Device veth2-4 with mac 92:c2:89:7c:d6:a7 capture an Ethernet frame from 0e:b8:c8:39:75:36 to 92:c2:89:7c:d6:a7 with ETHERTYPE 0x0806.
[INFO] The frame is ARP reply packet.
[INFO][handleARPReply()]
[INFO][DeviceManager::arpInsert()] Insert entry with IP 192.24.8.2 and MAC 0e:b8:c8:39:75:36 in the arp_cache.
[INFO][sendRIPRequest()] Device veth2-1 send RIP request.
[INFO][Device::sendFrame()] Device veth2-1 send ether frame with ethtype 0x123.
[INFO][sendRIPRequest()] Device veth2-3 send RIP request.
[INFO][Device::sendFrame()] Device veth2-3 send ether frame with ethtype 0x123.
[INFO][sendRIPRequest()] Device veth2-4 send RIP request.
[INFO][Device::sendFrame()] Device veth2-4 send ether frame with ethtype 0x123.
[INFO][Device::getDeviceByIPPrefix(ip)] Device veth2-4 found with id 2 and ip 192.24.8.2.
[INFO] Device ’Â‰|Ö§ with IP 192.24.0.2 forward IP packet from IP 192.24.0.1 to IP 192.24.8.2 with mac 0e:b8:c8:39:75:36.
[INFO][Device::sendFrame()] Device veth2-4 send ether frame with ethtype 0x800.

[INFO][deviceRecvPcapHandler()] Device veth2-1 with mac 26:76:73:c7:42:5a capture an Ethernet frame from a2:fe:75:b2:52:9f to 26:76:73:c7:42:5a with ETHERTYPE 0x0800.
[INFO][handleIPPacket()]
[ERROR][Device::getDeviceByIP(ip)] Device with IP 192.24.8.2 not found.
[INFO][RouteTable::query_next_hop()] Query next hop at IP 192.24.8.2.
[INFO][RouteTable::query_next_hop()] The IP 192.24.8.2 has next hop 0.0.0.0.
[INFO][DeviceManager::arpQueryMac()] Successfully query IP 192.24.8.2 at arp_cache, return MAC 0e:b8:c8:39:75:36.
[INFO][Device::getDeviceByIPPrefix(ip)] Device veth2-4 found with id 2 and ip 192.24.8.2.
[INFO] Device ’Â‰|Ö§ with IP 192.24.0.2 forward IP packet from IP 192.24.0.1 to IP 192.24.8.2 with mac 0e:b8:c8:39:75:36.
[INFO][Device::sendFrame()] Device veth2-4 send ether frame with ethtype 0x800.

[INFO][deviceRecvPcapHandler()] Device veth2-1 with mac 26:76:73:c7:42:5a capture an Ethernet frame from a2:fe:75:b2:52:9f to 26:76:73:c7:42:5a with ETHERTYPE 0x0800.
[INFO][handleIPPacket()]
[ERROR][Device::getDeviceByIP(ip)] Device with IP 192.24.8.2 not found.
[INFO][RouteTable::query_next_hop()] Query next hop at IP 192.24.8.2.
[INFO][RouteTable::query_next_hop()] The IP 192.24.8.2 has next hop 0.0.0.0.
[INFO][DeviceManager::arpQueryMac()] Successfully query IP 192.24.8.2 at arp_cache, return MAC 0e:b8:c8:39:75:36.
[INFO][Device::getDeviceByIPPrefix(ip)] Device veth2-4 found with id 2 and ip 192.24.8.2.
[INFO] Device ’Â‰|Ö§ with IP 192.24.0.2 forward IP packet from IP 192.24.0.1 to IP 192.24.8.2 with mac 0e:b8:c8:39:75:36.
[INFO][Device::sendFrame()] Device veth2-4 send ether frame with ethtype 0x800.

[INFO][deviceRecvPcapHandler()] Device veth2-1 with mac 26:76:73:c7:42:5a capture an Ethernet frame from a2:fe:75:b2:52:9f to ff:ff:ff:ff:ff:ff with ETHERTYPE 0x0123.
[INFO] The frame is RIP request packet.
[INFO][handleRIPRequest()]
[INFO][Device::getDeviceByIPPrefix(ip)] Device veth2-1 found with id 0 and ip 192.24.0.1.
[INFO][Device::sendFrame()] Device veth2-1 send ether frame with ethtype 0x123.
[INFO][sendRIPReply()] Device veth2-1 send RIP reply.

[INFO][deviceRecvPcapHandler()] Device veth2-1 with mac 26:76:73:c7:42:5a capture an Ethernet frame from a2:fe:75:b2:52:9f to ff:ff:ff:ff:ff:ff with ETHERTYPE 0x0123.
[INFO] The frame is RIP response packet.
[INFO][handleRIPReply()]
[INFO][Device::getDeviceByIPPrefix(ip)] Device veth2-1 found with id 0 and ip 192.24.0.1.
[ERROR][Device::getDeviceByIP(ip)] Device with IP 0.0.0.0 not found.
[INFO][Device::getDeviceByIP(ip)] Device veth2-1 found with id 0 and ip 192.24.0.2.
[INFO][Device::getDeviceByIP(ip)] Device veth2-1 found with id 0 and ip 192.24.0.2.

[INFO][deviceRecvPcapHandler()] Device veth2-1 with mac 26:76:73:c7:42:5a capture an Ethernet frame from 26:76:73:c7:42:5a to 33:33:00:00:00:02 with ETHERTYPE 0x86dd.
[INFO] The frame is from itself, drop it.

[INFO][deviceRecvPcapHandler()] Device veth2-1 with mac 26:76:73:c7:42:5a capture an Ethernet frame from a2:fe:75:b2:52:9f to 33:33:00:00:00:02 with ETHERTYPE 0x86dd.
[INFO] The frame's destination dosn't match, drop it.

[INFO][deviceRecvPcapHandler()] Device veth2-3 with mac 6a:85:2d:a0:c2:57 capture an Ethernet frame from 6a:85:2d:a0:c2:57 to 33:33:00:00:00:02 with ETHERTYPE 0x86dd.
[INFO] The frame is from itself, drop it.

[INFO][deviceRecvPcapHandler()] Device veth2-3 with mac 6a:85:2d:a0:c2:57 capture an Ethernet frame from ce:dd:cb:22:4c:59 to ff:ff:ff:ff:ff:ff with ETHERTYPE 0x0123.
[INFO] The frame is RIP request packet.
[INFO][handleRIPRequest()]
[INFO][Device::getDeviceByIPPrefix(ip)] Device veth2-3 found with id 1 and ip 192.24.16.2.
[INFO][Device::sendFrame()] Device veth2-3 send ether frame with ethtype 0x123.
[INFO][sendRIPReply()] Device veth2-3 send RIP reply.

[INFO][deviceRecvPcapHandler()] Device veth2-1 with mac 26:76:73:c7:42:5a capture an Ethernet frame from a2:fe:75:b2:52:9f to ff:ff:ff:ff:ff:ff with ETHERTYPE 0x0123.
[INFO] The frame is RIP request packet.
[INFO][handleRIPRequest()]
[INFO][Device::getDeviceByIPPrefix(ip)] Device veth2-1 found with id 0 and ip 192.24.0.1.
[INFO][Device::sendFrame()] Device veth2-1 send ether frame with ethtype 0x123.
[INFO][sendRIPReply()] Device veth2-1 send RIP reply.

[INFO][deviceRecvPcapHandler()] Device veth2-4 with mac 92:c2:89:7c:d6:a7 capture an Ethernet frame from 0e:b8:c8:39:75:36 to ff:ff:ff:ff:ff:ff with ETHERTYPE 0x0123.
[INFO] The frame is RIP request packet.
[INFO][handleRIPRequest()]
[INFO][Device::getDeviceByIPPrefix(ip)] Device veth2-4 found with id 2 and ip 192.24.8.2.
[INFO][Device::sendFrame()] Device veth2-4 send ether frame with ethtype 0x123.
[INFO][sendRIPReply()] Device veth2-4 send RIP reply.

[INFO][deviceRecvPcapHandler()] Device veth2-4 with mac 92:c2:89:7c:d6:a7 capture an Ethernet frame from 0e:b8:c8:39:75:36 to ff:ff:ff:ff:ff:ff with ETHERTYPE 0x0123.
[INFO] The frame is RIP response packet.
[INFO][handleRIPReply()]
[INFO][Device::getDeviceByIPPrefix(ip)] Device veth2-4 found with id 2 and ip 192.24.8.2.
[INFO][Device::getDeviceByIP(ip)] Device veth2-4 found with id 2 and ip 192.24.8.1.
[INFO][Device::getDeviceByIP(ip)] Device veth2-4 found with id 2 and ip 192.24.8.1.
[ERROR][Device::getDeviceByIP(ip)] Device with IP 0.0.0.0 not found.

[INFO][deviceRecvPcapHandler()] Device veth2-3 with mac 6a:85:2d:a0:c2:57 capture an Ethernet frame from ce:dd:cb:22:4c:59 to ff:ff:ff:ff:ff:ff with ETHERTYPE 0x0123.
[INFO] The frame is RIP response packet.
[INFO][handleRIPReply()]
[INFO][Device::getDeviceByIPPrefix(ip)] Device veth2-3 found with id 1 and ip 192.24.16.2.
[INFO][Device::getDeviceByIP(ip)] Device veth2-3 found with id 1 and ip 192.24.16.1.
[ERROR][Device::getDeviceByIP(ip)] Device with IP 0.0.0.0 not found.
[INFO][Device::getDeviceByIP(ip)] Device veth2-3 found with id 1 and ip 192.24.16.1.

[INFO][deviceRecvPcapHandler()] Device veth2-3 with mac 6a:85:2d:a0:c2:57 capture an Ethernet frame from ce:dd:cb:22:4c:59 to 33:33:00:00:00:02 with ETHERTYPE 0x86dd.
[INFO] The frame's destination dosn't match, drop it.

[INFO][deviceRecvPcapHandler()] Device veth2-1 with mac 26:76:73:c7:42:5a capture an Ethernet frame from a2:fe:75:b2:52:9f to ff:ff:ff:ff:ff:ff with ETHERTYPE 0x0123.
[INFO] The frame is RIP response packet.
[INFO][handleRIPReply()]
[INFO][Device::getDeviceByIPPrefix(ip)] Device veth2-1 found with id 0 and ip 192.24.0.1.
[ERROR][Device::getDeviceByIP(ip)] Device with IP 0.0.0.0 not found.
[INFO][Device::getDeviceByIP(ip)] Device veth2-1 found with id 0 and ip 192.24.0.2.
[INFO][Device::getDeviceByIP(ip)] Device veth2-1 found with id 0 and ip 192.24.0.2.
[INFO][sendRIPRequest()] Device veth2-3 send RIP request.
[INFO][Device::sendFrame()] Device veth2-3 send ether frame with ethtype 0x123.
[INFO][sendRIPRequest()] Device veth2-1 send RIP request.
[INFO][Device::sendFrame()] Device veth2-1 send ether frame with ethtype 0x123.
[INFO][sendRIPRequest()] Device veth2-4 send RIP request.
[INFO][Device::sendFrame()] Device veth2-4 send ether frame with ethtype 0x123.

[INFO][deviceRecvPcapHandler()] Device veth2-1 with mac 26:76:73:c7:42:5a capture an Ethernet frame from a2:fe:75:b2:52:9f to ff:ff:ff:ff:ff:ff with ETHERTYPE 0x0123.
[INFO] The frame is RIP request packet.
[INFO][handleRIPRequest()]
[INFO][Device::getDeviceByIPPrefix(ip)] Device veth2-1 found with id 0 and ip 192.24.0.1.
[INFO][Device::sendFrame()] Device veth2-1 send ether frame with ethtype 0x123.
[INFO][sendRIPReply()] Device veth2-1 send RIP reply.

[INFO][deviceRecvPcapHandler()] Device veth2-3 with mac 6a:85:2d:a0:c2:57 capture an Ethernet frame from ce:dd:cb:22:4c:59 to ff:ff:ff:ff:ff:ff with ETHERTYPE 0x0123.
[INFO] The frame is RIP request packet.
[INFO][handleRIPRequest()]
[INFO][Device::getDeviceByIPPrefix(ip)] Device veth2-3 found with id 1 and ip 192.24.16.2.
[INFO][Device::sendFrame()] Device veth2-3 send ether frame with ethtype 0x123.
[INFO][sendRIPReply()] Device veth2-3 send RIP reply.

[INFO][deviceRecvPcapHandler()] Device veth2-4 with mac 92:c2:89:7c:d6:a7 capture an Ethernet frame from 0e:b8:c8:39:75:36 to ff:ff:ff:ff:ff:ff with ETHERTYPE 0x0123.
[INFO] The frame is RIP request packet.
[INFO][handleRIPRequest()]
[INFO][Device::getDeviceByIPPrefix(ip)] Device veth2-4 found with id 2 and ip 192.24.8.2.
[INFO][Device::sendFrame()] Device veth2-4 send ether frame with ethtype 0x123.
[INFO][sendRIPReply()] Device veth2-4 send RIP reply.

[INFO][deviceRecvPcapHandler()] Device veth2-4 with mac 92:c2:89:7c:d6:a7 capture an Ethernet frame from 0e:b8:c8:39:75:36 to ff:ff:ff:ff:ff:ff with ETHERTYPE 0x0123.
[INFO] The frame is RIP response packet.
[INFO][handleRIPReply()]
[INFO][Device::getDeviceByIPPrefix(ip)] Device veth2-4 found with id 2 and ip 192.24.8.2.
[INFO][Device::getDeviceByIP(ip)] Device veth2-4 found with id 2 and ip 192.24.8.1.
[INFO][Device::getDeviceByIP(ip)] Device veth2-4 found with id 2 and ip 192.24.8.1.
[ERROR][Device::getDeviceByIP(ip)] Device with IP 0.0.0.0 not found.

[INFO][deviceRecvPcapHandler()] Device veth2-3 with mac 6a:85:2d:a0:c2:57 capture an Ethernet frame from ce:dd:cb:22:4c:59 to ff:ff:ff:ff:ff:ff with ETHERTYPE 0x0123.
[INFO] The frame is RIP response packet.
[INFO][handleRIPReply()]
[INFO][Device::getDeviceByIPPrefix(ip)] Device veth2-3 found with id 1 and ip 192.24.16.2.
[INFO][Device::getDeviceByIP(ip)] Device veth2-3 found with id 1 and ip 192.24.16.1.
[ERROR][Device::getDeviceByIP(ip)] Device with IP 0.0.0.0 not found.
[INFO][Device::getDeviceByIP(ip)] Device veth2-3 found with id 1 and ip 192.24.16.1.

[INFO][deviceRecvPcapHandler()] Device veth2-1 with mac 26:76:73:c7:42:5a capture an Ethernet frame from a2:fe:75:b2:52:9f to ff:ff:ff:ff:ff:ff with ETHERTYPE 0x0123.
[INFO] The frame is RIP response packet.
[INFO][handleRIPReply()]
[INFO][Device::getDeviceByIPPrefix(ip)] Device veth2-1 found with id 0 and ip 192.24.0.1.
[ERROR][Device::getDeviceByIP(ip)] Device with IP 0.0.0.0 not found.
[INFO][Device::getDeviceByIP(ip)] Device veth2-1 found with id 0 and ip 192.24.0.2.
[INFO][Device::getDeviceByIP(ip)] Device veth2-1 found with id 0 and ip 192.24.0.2.
[INFO][sendRIPRequest()] Device veth2-1 send RIP request.
[INFO][Device::sendFrame()] Device veth2-1 send ether frame with ethtype 0x123.
[INFO][sendRIPRequest()] Device veth2-3 send RIP request.
[INFO][Device::sendFrame()] Device veth2-3 send ether frame with ethtype 0x123.
[INFO][sendRIPRequest()] Device veth2-4 send RIP request.
[INFO][Device::sendFrame()] Device veth2-4 send ether frame with ethtype 0x123.

[INFO][deviceRecvPcapHandler()] Device veth2-1 with mac 26:76:73:c7:42:5a capture an Ethernet frame from a2:fe:75:b2:52:9f to ff:ff:ff:ff:ff:ff with ETHERTYPE 0x0123.
[INFO] The frame is RIP request packet.
[INFO][handleRIPRequest()]
[INFO][Device::getDeviceByIPPrefix(ip)] Device veth2-1 found with id 0 and ip 192.24.0.1.
[INFO][Device::sendFrame()] Device veth2-1 send ether frame with ethtype 0x123.
[INFO][sendRIPReply()] Device veth2-1 send RIP reply.

[INFO][deviceRecvPcapHandler()] Device veth2-3 with mac 6a:85:2d:a0:c2:57 capture an Ethernet frame from ce:dd:cb:22:4c:59 to ff:ff:ff:ff:ff:ff with ETHERTYPE 0x0123.
[INFO] The frame is RIP request packet.
[INFO][handleRIPRequest()]
[INFO][Device::getDeviceByIPPrefix(ip)] Device veth2-3 found with id 1 and ip 192.24.16.2.
[INFO][Device::sendFrame()] Device veth2-3 send ether frame with ethtype 0x123.
[INFO][sendRIPReply()] Device veth2-3 send RIP reply.

[INFO][deviceRecvPcapHandler()] Device veth2-4 with mac 92:c2:89:7c:d6:a7 capture an Ethernet frame from 0e:b8:c8:39:75:36 to ff:ff:ff:ff:ff:ff with ETHERTYPE 0x0123.
[INFO] The frame is RIP request packet.
[INFO][handleRIPRequest()]
[INFO][Device::getDeviceByIPPrefix(ip)] Device veth2-4 found with id 2 and ip 192.24.8.2.
[INFO][Device::sendFrame()] Device veth2-4 send ether frame with ethtype 0x123.
[INFO][sendRIPReply()] Device veth2-4 send RIP reply.

[INFO][deviceRecvPcapHandler()] Device veth2-4 with mac 92:c2:89:7c:d6:a7 capture an Ethernet frame from 0e:b8:c8:39:75:36 to ff:ff:ff:ff:ff:ff with ETHERTYPE 0x0123.
[INFO] The frame is RIP response packet.
[INFO][handleRIPReply()]
[INFO][Device::getDeviceByIPPrefix(ip)] Device veth2-4 found with id 2 and ip 192.24.8.2.
[INFO][Device::getDeviceByIP(ip)] Device veth2-4 found with id 2 and ip 192.24.8.1.
[INFO][Device::getDeviceByIP(ip)] Device veth2-4 found with id 2 and ip 192.24.8.1.
[ERROR][Device::getDeviceByIP(ip)] Device with IP 0.0.0.0 not found.

[INFO][deviceRecvPcapHandler()] Device veth2-3 with mac 6a:85:2d:a0:c2:57 capture an Ethernet frame from ce:dd:cb:22:4c:59 to ff:ff:ff:ff:ff:ff with ETHERTYPE 0x0123.
[INFO] The frame is RIP response packet.
[INFO][handleRIPReply()]
[INFO][Device::getDeviceByIPPrefix(ip)] Device veth2-3 found with id 1 and ip 192.24.16.2.
[INFO][Device::getDeviceByIP(ip)] Device veth2-3 found with id 1 and ip 192.24.16.1.
[ERROR][Device::getDeviceByIP(ip)] Device with IP 0.0.0.0 not found.
[INFO][Device::getDeviceByIP(ip)] Device veth2-3 found with id 1 and ip 192.24.16.1.

[INFO][deviceRecvPcapHandler()] Device veth2-1 with mac 26:76:73:c7:42:5a capture an Ethernet frame from a2:fe:75:b2:52:9f to ff:ff:ff:ff:ff:ff with ETHERTYPE 0x0123.
[INFO] The frame is RIP response packet.
[INFO][handleRIPReply()]
[INFO][Device::getDeviceByIPPrefix(ip)] Device veth2-1 found with id 0 and ip 192.24.0.1.
[ERROR][Device::getDeviceByIP(ip)] Device with IP 0.0.0.0 not found.
[INFO][Device::getDeviceByIP(ip)] Device veth2-1 found with id 0 and ip 192.24.0.2.
[INFO][Device::getDeviceByIP(ip)] Device veth2-1 found with id 0 and ip 192.24.0.2.
[INFO][sendRIPRequest()] Device veth2-3 send RIP request.
[INFO][Device::sendFrame()] Device veth2-3 send ether frame with ethtype 0x123.
[INFO][sendRIPRequest()] Device veth2-4 send RIP request.
[INFO][Device::sendFrame()] Device veth2-4 send ether frame with ethtype 0x123.
[INFO][sendRIPRequest()] Device veth2-1 send RIP request.
[INFO][Device::sendFrame()] Device veth2-1 send ether frame with ethtype 0x123.

[INFO][deviceRecvPcapHandler()] Device veth2-1 with mac 26:76:73:c7:42:5a capture an Ethernet frame from a2:fe:75:b2:52:9f to ff:ff:ff:ff:ff:ff with ETHERTYPE 0x0123.
[INFO] The frame is RIP request packet.
[INFO][handleRIPRequest()]
[INFO][Device::getDeviceByIPPrefix(ip)] Device veth2-1 found with id 0 and ip 192.24.0.1.
[INFO][Device::sendFrame()] Device veth2-1 send ether frame with ethtype 0x123.
[INFO][sendRIPReply()] Device veth2-1 send RIP reply.

[INFO][deviceRecvPcapHandler()] Device veth2-3 with mac 6a:85:2d:a0:c2:57 capture an Ethernet frame from ce:dd:cb:22:4c:59 to ff:ff:ff:ff:ff:ff with ETHERTYPE 0x0123.
[INFO] The frame is RIP request packet.
[INFO][handleRIPRequest()]
[INFO][Device::getDeviceByIPPrefix(ip)] Device veth2-3 found with id 1 and ip 192.24.16.2.
[INFO][Device::sendFrame()] Device veth2-3 send ether frame with ethtype 0x123.
[INFO][sendRIPReply()] Device veth2-3 send RIP reply.

[INFO][deviceRecvPcapHandler()] Device veth2-4 with mac 92:c2:89:7c:d6:a7 capture an Ethernet frame from 0e:b8:c8:39:75:36 to ff:ff:ff:ff:ff:ff with ETHERTYPE 0x0123.
[INFO] The frame is RIP request packet.
[INFO][handleRIPRequest()]
[INFO][Device::getDeviceByIPPrefix(ip)] Device veth2-4 found with id 2 and ip 192.24.8.2.
[INFO][Device::sendFrame()] Device veth2-4 send ether frame with ethtype 0x123.
[INFO][sendRIPReply()] Device veth2-4 send RIP reply.

[INFO][deviceRecvPcapHandler()] Device veth2-4 with mac 92:c2:89:7c:d6:a7 capture an Ethernet frame from 0e:b8:c8:39:75:36 to ff:ff:ff:ff:ff:ff with ETHERTYPE 0x0123.
[INFO] The frame is RIP response packet.
[INFO][handleRIPReply()]
[INFO][Device::getDeviceByIPPrefix(ip)] Device veth2-4 found with id 2 and ip 192.24.8.2.
[INFO][Device::getDeviceByIP(ip)] Device veth2-4 found with id 2 and ip 192.24.8.1.
[INFO][Device::getDeviceByIP(ip)] Device veth2-4 found with id 2 and ip 192.24.8.1.
[ERROR][Device::getDeviceByIP(ip)] Device with IP 0.0.0.0 not found.

[INFO][deviceRecvPcapHandler()] Device veth2-3 with mac 6a:85:2d:a0:c2:57 capture an Ethernet frame from ce:dd:cb:22:4c:59 to ff:ff:ff:ff:ff:ff with ETHERTYPE 0x0123.
[INFO] The frame is RIP response packet.
[INFO][handleRIPReply()]
[INFO][Device::getDeviceByIPPrefix(ip)] Device veth2-3 found with id 1 and ip 192.24.16.2.
[INFO][Device::getDeviceByIP(ip)] Device veth2-3 found with id 1 and ip 192.24.16.1.
[ERROR][Device::getDeviceByIP(ip)] Device with IP 0.0.0.0 not found.
[INFO][Device::getDeviceByIP(ip)] Device veth2-3 found with id 1 and ip 192.24.16.1.

[INFO][deviceRecvPcapHandler()] Device veth2-1 with mac 26:76:73:c7:42:5a capture an Ethernet frame from a2:fe:75:b2:52:9f to ff:ff:ff:ff:ff:ff with ETHERTYPE 0x0123.
[INFO] The frame is RIP response packet.
[INFO][handleRIPReply()]
[INFO][Device::getDeviceByIPPrefix(ip)] Device veth2-1 found with id 0 and ip 192.24.0.1.
[ERROR][Device::getDeviceByIP(ip)] Device with IP 0.0.0.0 not found.
[INFO][Device::getDeviceByIP(ip)] Device veth2-1 found with id 0 and ip 192.24.0.2.
[INFO][Device::getDeviceByIP(ip)] Device veth2-1 found with id 0 and ip 192.24.0.2.
[INFO][sendRIPRequest()] Device veth2-3 send RIP request.
[INFO][Device::sendFrame()] Device veth2-3 send ether frame with ethtype 0x123.
[INFO][sendRIPRequest()] Device veth2-1 send RIP request.
[INFO][Device::sendFrame()] Device veth2-1 send ether frame with ethtype 0x123.
[INFO][sendRIPRequest()] Device veth2-4 send RIP request.
[INFO][Device::sendFrame()] Device veth2-4 send ether frame with ethtype 0x123.

[INFO][deviceRecvPcapHandler()] Device veth2-1 with mac 26:76:73:c7:42:5a capture an Ethernet frame from a2:fe:75:b2:52:9f to ff:ff:ff:ff:ff:ff with ETHERTYPE 0x0123.
[INFO] The frame is RIP request packet.
[INFO][handleRIPRequest()]
[INFO][Device::getDeviceByIPPrefix(ip)] Device veth2-1 found with id 0 and ip 192.24.0.1.
[INFO][Device::sendFrame()] Device veth2-1 send ether frame with ethtype 0x123.
[INFO][sendRIPReply()] Device veth2-1 send RIP reply.

[INFO][deviceRecvPcapHandler()] Device veth2-3 with mac 6a:85:2d:a0:c2:57 capture an Ethernet frame from ce:dd:cb:22:4c:59 to ff:ff:ff:ff:ff:ff with ETHERTYPE 0x0123.
[INFO] The frame is RIP request packet.
[INFO][handleRIPRequest()]
[INFO][Device::getDeviceByIPPrefix(ip)] Device veth2-3 found with id 1 and ip 192.24.16.2.
[INFO][Device::sendFrame()] Device veth2-3 send ether frame with ethtype 0x123.
[INFO][sendRIPReply()] Device veth2-3 send RIP reply.

[INFO][deviceRecvPcapHandler()] Device veth2-4 with mac 92:c2:89:7c:d6:a7 capture an Ethernet frame from 0e:b8:c8:39:75:36 to ff:ff:ff:ff:ff:ff with ETHERTYPE 0x0123.
[INFO] The frame is RIP request packet.
[INFO][handleRIPRequest()]
[INFO][Device::getDeviceByIPPrefix(ip)] Device veth2-4 found with id 2 and ip 192.24.8.2.
[INFO][Device::sendFrame()] Device veth2-4 send ether frame with ethtype 0x123.
[INFO][sendRIPReply()] Device veth2-4 send RIP reply.

[INFO][deviceRecvPcapHandler()] Device veth2-4 with mac 92:c2:89:7c:d6:a7 capture an Ethernet frame from 0e:b8:c8:39:75:36 to ff:ff:ff:ff:ff:ff with ETHERTYPE 0x0123.
[INFO] The frame is RIP response packet.
[INFO][handleRIPReply()]
[INFO][Device::getDeviceByIPPrefix(ip)] Device veth2-4 found with id 2 and ip 192.24.8.2.
[INFO][Device::getDeviceByIP(ip)] Device veth2-4 found with id 2 and ip 192.24.8.1.
[INFO][Device::getDeviceByIP(ip)] Device veth2-4 found with id 2 and ip 192.24.8.1.
[ERROR][Device::getDeviceByIP(ip)] Device with IP 0.0.0.0 not found.

[INFO][deviceRecvPcapHandler()] Device veth2-3 with mac 6a:85:2d:a0:c2:57 capture an Ethernet frame from ce:dd:cb:22:4c:59 to ff:ff:ff:ff:ff:ff with ETHERTYPE 0x0123.
[INFO] The frame is RIP response packet.
[INFO][handleRIPReply()]
[INFO][Device::getDeviceByIPPrefix(ip)] Device veth2-3 found with id 1 and ip 192.24.16.2.
[INFO][Device::getDeviceByIP(ip)] Device veth2-3 found with id 1 and ip 192.24.16.1.
[ERROR][Device::getDeviceByIP(ip)] Device with IP 0.0.0.0 not found.
[INFO][Device::getDeviceByIP(ip)] Device veth2-3 found with id 1 and ip 192.24.16.1.

[INFO][deviceRecvPcapHandler()] Device veth2-1 with mac 26:76:73:c7:42:5a capture an Ethernet frame from a2:fe:75:b2:52:9f to ff:ff:ff:ff:ff:ff with ETHERTYPE 0x0123.
[INFO] The frame is RIP response packet.
[INFO][handleRIPReply()]
[INFO][Device::getDeviceByIPPrefix(ip)] Device veth2-1 found with id 0 and ip 192.24.0.1.
[ERROR][Device::getDeviceByIP(ip)] Device with IP 0.0.0.0 not found.
[INFO][Device::getDeviceByIP(ip)] Device veth2-1 found with id 0 and ip 192.24.0.2.
[INFO][Device::getDeviceByIP(ip)] Device veth2-1 found with id 0 and ip 192.24.0.2.
[INFO][sendRIPRequest()] Device veth2-3 send RIP request.
[INFO][Device::sendFrame()] Device veth2-3 send ether frame with ethtype 0x123.
[INFO][sendRIPRequest()] Device veth2-4 send RIP request.
[INFO][Device::sendFrame()] Device veth2-4 send ether frame with ethtype 0x123.
[INFO][sendRIPRequest()] Device veth2-1 send RIP request.
[INFO][Device::sendFrame()] Device veth2-1 send ether frame with ethtype 0x123.

[INFO][deviceRecvPcapHandler()] Device veth2-1 with mac 26:76:73:c7:42:5a capture an Ethernet frame from a2:fe:75:b2:52:9f to ff:ff:ff:ff:ff:ff with ETHERTYPE 0x0123.
[INFO] The frame is RIP request packet.
[INFO][handleRIPRequest()]
[INFO][Device::getDeviceByIPPrefix(ip)] Device veth2-1 found with id 0 and ip 192.24.0.1.
[INFO][Device::sendFrame()] Device veth2-1 send ether frame with ethtype 0x123.
[INFO][sendRIPReply()] Device veth2-1 send RIP reply.

[INFO][deviceRecvPcapHandler()] Device veth2-3 with mac 6a:85:2d:a0:c2:57 capture an Ethernet frame from ce:dd:cb:22:4c:59 to ff:ff:ff:ff:ff:ff with ETHERTYPE 0x0123.
[INFO] The frame is RIP request packet.
[INFO][handleRIPRequest()]
[INFO][Device::getDeviceByIPPrefix(ip)] Device veth2-3 found with id 1 and ip 192.24.16.2.
[INFO][Device::sendFrame()] Device veth2-3 send ether frame with ethtype 0x123.
[INFO][sendRIPReply()] Device veth2-3 send RIP reply.

[INFO][deviceRecvPcapHandler()] Device veth2-4 with mac 92:c2:89:7c:d6:a7 capture an Ethernet frame from 0e:b8:c8:39:75:36 to ff:ff:ff:ff:ff:ff with ETHERTYPE 0x0123.
[INFO] The frame is RIP request packet.
[INFO][handleRIPRequest()]
[INFO][Device::getDeviceByIPPrefix(ip)] Device veth2-4 found with id 2 and ip 192.24.8.2.
[INFO][Device::sendFrame()] Device veth2-4 send ether frame with ethtype 0x123.
[INFO][sendRIPReply()] Device veth2-4 send RIP reply.

[INFO][deviceRecvPcapHandler()] Device veth2-4 with mac 92:c2:89:7c:d6:a7 capture an Ethernet frame from 0e:b8:c8:39:75:36 to ff:ff:ff:ff:ff:ff with ETHERTYPE 0x0123.
[INFO] The frame is RIP response packet.
[INFO][handleRIPReply()]
[INFO][Device::getDeviceByIPPrefix(ip)] Device veth2-4 found with id 2 and ip 192.24.8.2.
[INFO][Device::getDeviceByIP(ip)] Device veth2-4 found with id 2 and ip 192.24.8.1.
[INFO][Device::getDeviceByIP(ip)] Device veth2-4 found with id 2 and ip 192.24.8.1.
[ERROR][Device::getDeviceByIP(ip)] Device with IP 0.0.0.0 not found.
