[ERROR][Device::findDevice()] Device veth2-1 not found.
[INFO][Device()::addDevice()] Add device veth2-1, whose mac address is 86:14:e2:95:3f:ee.
[INFO][Device::Device()] The IP address of veth2-1 is 10.100.1.2, subnet mask is 255.255.255.0
[INFO][DeviceManager::arpInsert()] Insert entry with IP 10.100.1.2 and MAC 86:14:e2:95:3f:ee in the arp_cache.
[INFO][RouteTable::set_route_item()] Insert the route item with IP 10.100.1.2 and next hop IP 0.0.0.0.
[ERROR][Device::findDevice()] Device veth2-3 not found.
[INFO][Device()::addDevice()] Add device veth2-3, whose mac address is 22:cf:80:f5:87:14.
[INFO][Device::Device()] The IP address of veth2-3 is 10.100.2.1, subnet mask is 255.255.255.0
[INFO][DeviceManager::arpInsert()] Insert entry with IP 10.100.2.1 and MAC 22:cf:80:f5:87:14 in the arp_cache.
[INFO][RouteTable::set_route_item()] Insert the route item with IP 10.100.2.1 and next hop IP 0.0.0.0.

[INFO][deviceRecvPcapHandler()] Device veth2-1 with mac 86:14:e2:95:3f:ee capture an Ethernet frame from 86:14:e2:95:3f:ee to 33:33:00:00:00:16 with ETHERTYPE 0x86dd.
[INFO] The frame is from itself, drop it.

[INFO][deviceRecvPcapHandler()] Device veth2-1 with mac 86:14:e2:95:3f:ee capture an Ethernet frame from 4e:af:85:d6:a5:ba to 33:33:00:00:00:16 with ETHERTYPE 0x86dd.
[INFO] The frame's destination dosn't match, drop it.

[INFO][deviceRecvPcapHandler()] Device veth2-1 with mac 86:14:e2:95:3f:ee capture an Ethernet frame from 86:14:e2:95:3f:ee to 33:33:00:00:00:16 with ETHERTYPE 0x86dd.
[INFO] The frame is from itself, drop it.

[INFO][deviceRecvPcapHandler()] Device veth2-1 with mac 86:14:e2:95:3f:ee capture an Ethernet frame from 86:14:e2:95:3f:ee to 33:33:00:00:00:02 with ETHERTYPE 0x86dd.
[INFO] The frame is from itself, drop it.

[INFO][deviceRecvPcapHandler()] Device veth2-1 with mac 86:14:e2:95:3f:ee capture an Ethernet frame from 4e:af:85:d6:a5:ba to 33:33:00:00:00:16 with ETHERTYPE 0x86dd.
[INFO] The frame's destination dosn't match, drop it.

[INFO][deviceRecvPcapHandler()] Device veth2-1 with mac 86:14:e2:95:3f:ee capture an Ethernet frame from 4e:af:85:d6:a5:ba to 33:33:00:00:00:02 with ETHERTYPE 0x86dd.
[INFO] The frame's destination dosn't match, drop it.

[INFO][deviceRecvPcapHandler()] Device veth2-3 with mac 22:cf:80:f5:87:14 capture an Ethernet frame from 22:cf:80:f5:87:14 to 33:33:00:00:00:16 with ETHERTYPE 0x86dd.
[INFO] The frame is from itself, drop it.

[INFO][deviceRecvPcapHandler()] Device veth2-3 with mac 22:cf:80:f5:87:14 capture an Ethernet frame from 22:cf:80:f5:87:14 to 33:33:ff:f5:87:14 with ETHERTYPE 0x86dd.
[INFO] The frame is from itself, drop it.

[INFO][deviceRecvPcapHandler()] Device veth2-3 with mac 22:cf:80:f5:87:14 capture an Ethernet frame from ba:1e:8c:fc:81:dd to 33:33:00:00:00:16 with ETHERTYPE 0x86dd.
[INFO] The frame's destination dosn't match, drop it.

[INFO][deviceRecvPcapHandler()] Device veth2-3 with mac 22:cf:80:f5:87:14 capture an Ethernet frame from ba:1e:8c:fc:81:dd to 33:33:00:00:00:02 with ETHERTYPE 0x86dd.
[INFO] The frame's destination dosn't match, drop it.
[INFO][sendRIPRequest()] Device veth2-1 send RIP request.
[INFO][Device::sendFrame()] Device veth2-1 send ether frame with ethtype 0x123.
[INFO][sendRIPRequest()] Device veth2-3 send RIP request.
[INFO][Device::sendFrame()] Device veth2-3 send ether frame with ethtype 0x123.

[INFO][deviceRecvPcapHandler()] Device veth2-1 with mac 86:14:e2:95:3f:ee capture an Ethernet frame from 86:14:e2:95:3f:ee to 33:33:00:00:00:16 with ETHERTYPE 0x86dd.
[INFO] The frame is from itself, drop it.

[INFO][deviceRecvPcapHandler()] Device veth2-1 with mac 86:14:e2:95:3f:ee capture an Ethernet frame from 4e:af:85:d6:a5:ba to 33:33:00:00:00:16 with ETHERTYPE 0x86dd.
[INFO] The frame's destination dosn't match, drop it.

[INFO][deviceRecvPcapHandler()] Device veth2-1 with mac 86:14:e2:95:3f:ee capture an Ethernet frame from 4e:af:85:d6:a5:ba to ff:ff:ff:ff:ff:ff with ETHERTYPE 0x0123.
[INFO] The frame is RIP request packet.
[INFO][handleRIPRequest()]
[INFO][Device::getDeviceByIPPrefix(ip)] Device veth2-1 found with id 0 and ip 10.100.1.1.
[INFO][Device::sendFrame()] Device veth2-1 send ether frame with ethtype 0x123.
[INFO][sendRIPReply()] Device veth2-1 send RIP reply.

[INFO][deviceRecvPcapHandler()] Device veth2-3 with mac 22:cf:80:f5:87:14 capture an Ethernet frame from ba:1e:8c:fc:81:dd to 33:33:00:00:00:16 with ETHERTYPE 0x86dd.
[INFO] The frame's destination dosn't match, drop it.

[INFO][deviceRecvPcapHandler()] Device veth2-3 with mac 22:cf:80:f5:87:14 capture an Ethernet frame from 22:cf:80:f5:87:14 to 33:33:00:00:00:16 with ETHERTYPE 0x86dd.
[INFO] The frame is from itself, drop it.

[INFO][deviceRecvPcapHandler()] Device veth2-3 with mac 22:cf:80:f5:87:14 capture an Ethernet frame from 22:cf:80:f5:87:14 to 33:33:00:00:00:02 with ETHERTYPE 0x86dd.
[INFO] The frame is from itself, drop it.

[INFO][deviceRecvPcapHandler()] Device veth2-3 with mac 22:cf:80:f5:87:14 capture an Ethernet frame from ba:1e:8c:fc:81:dd to ff:ff:ff:ff:ff:ff with ETHERTYPE 0x0123.
[INFO] The frame is RIP request packet.
[INFO][handleRIPRequest()]
[INFO][Device::getDeviceByIPPrefix(ip)] Device veth2-3 found with id 1 and ip 10.100.2.2.
[INFO][Device::sendFrame()] Device veth2-3 send ether frame with ethtype 0x123.
[INFO][sendRIPReply()] Device veth2-3 send RIP reply.

[INFO][deviceRecvPcapHandler()] Device veth2-3 with mac 22:cf:80:f5:87:14 capture an Ethernet frame from 22:cf:80:f5:87:14 to 33:33:00:00:00:16 with ETHERTYPE 0x86dd.
[INFO] The frame is from itself, drop it.

[INFO][deviceRecvPcapHandler()] Device veth2-3 with mac 22:cf:80:f5:87:14 capture an Ethernet frame from ba:1e:8c:fc:81:dd to ff:ff:ff:ff:ff:ff with ETHERTYPE 0x0123.
[INFO] The frame is RIP response packet.
[INFO][handleRIPReply()]
[INFO][Device::getDeviceByIPPrefix(ip)] Device veth2-3 found with id 1 and ip 10.100.2.2.
[ERROR][Device::getDeviceByIP(ip)] Device with IP 0.0.0.0 not found.
[ERROR][Device::getDeviceByIP(ip)] Device with IP 0.0.0.0 not found.
[ERROR][Device::getDeviceByIPPrefix(ip)] Device with IP 10.100.3.0 not found.
[INFO][RouteTable::set_route_item()] Insert the route item with IP 10.100.3.0 and next hop IP 10.100.2.2.
[INFO][DeviceManager::printRouteTable()]
-------------------------------------------------------------------------------------------------------------------------------
| Destination IP  | Net Mask        | Next Hop IP     | Distance        | Invalid Timer   | Flush Timer     | Valid           |
-------------------------------------------------------------------------------------------------------------------------------
| 10.100.1.0      | 255.255.255.0   | 0.0.0.0         | 0               | 6               | 4               | 1               |
-------------------------------------------------------------------------------------------------------------------------------
| 10.100.2.0      | 255.255.255.0   | 0.0.0.0         | 0               | 6               | 4               | 1               |
-------------------------------------------------------------------------------------------------------------------------------
| 10.100.3.0      | 255.255.255.0   | 10.100.2.2      | 1               | 6               | 4               | 1               |
-------------------------------------------------------------------------------------------------------------------------------


[INFO][deviceRecvPcapHandler()] Device veth2-1 with mac 86:14:e2:95:3f:ee capture an Ethernet frame from 4e:af:85:d6:a5:ba to ff:ff:ff:ff:ff:ff with ETHERTYPE 0x0123.
[INFO] The frame is RIP response packet.
[INFO][handleRIPReply()]
[INFO][Device::getDeviceByIPPrefix(ip)] Device veth2-1 found with id 0 and ip 10.100.1.1.
[ERROR][Device::getDeviceByIP(ip)] Device with IP 0.0.0.0 not found.
[INFO][sendRIPRequest()] Device veth2-1 send RIP request.
[INFO][Device::sendFrame()] Device veth2-1 send ether frame with ethtype 0x123.
[INFO][sendRIPRequest()] Device veth2-3 send RIP request.
[INFO][Device::sendFrame()] Device veth2-3 send ether frame with ethtype 0x123.

[INFO][deviceRecvPcapHandler()] Device veth2-1 with mac 86:14:e2:95:3f:ee capture an Ethernet frame from 4e:af:85:d6:a5:ba to ff:ff:ff:ff:ff:ff with ETHERTYPE 0x0123.
[INFO] The frame is RIP request packet.
[INFO][handleRIPRequest()]
[INFO][Device::getDeviceByIPPrefix(ip)] Device veth2-1 found with id 0 and ip 10.100.1.1.
[INFO][Device::sendFrame()] Device veth2-1 send ether frame with ethtype 0x123.
[INFO][sendRIPReply()] Device veth2-1 send RIP reply.

[INFO][deviceRecvPcapHandler()] Device veth2-3 with mac 22:cf:80:f5:87:14 capture an Ethernet frame from ba:1e:8c:fc:81:dd to ff:ff:ff:ff:ff:ff with ETHERTYPE 0x0123.
[INFO] The frame is RIP request packet.
[INFO][handleRIPRequest()]
[INFO][Device::getDeviceByIPPrefix(ip)] Device veth2-3 found with id 1 and ip 10.100.2.2.
[INFO][Device::sendFrame()] Device veth2-3 send ether frame with ethtype 0x123.
[INFO][sendRIPReply()] Device veth2-3 send RIP reply.

[INFO][deviceRecvPcapHandler()] Device veth2-3 with mac 22:cf:80:f5:87:14 capture an Ethernet frame from ba:1e:8c:fc:81:dd to ff:ff:ff:ff:ff:ff with ETHERTYPE 0x0123.
[INFO] The frame is RIP response packet.
[INFO][handleRIPReply()]
[INFO][Device::getDeviceByIPPrefix(ip)] Device veth2-3 found with id 1 and ip 10.100.2.2.
[INFO][Device::getDeviceByIP(ip)] Device veth2-3 found with id 1 and ip 10.100.2.1.
[ERROR][Device::getDeviceByIP(ip)] Device with IP 0.0.0.0 not found.
[ERROR][Device::getDeviceByIP(ip)] Device with IP 0.0.0.0 not found.
[INFO][RouteTable::set_route_item()] Insert the route item with IP 10.100.3.0 and next hop IP 10.100.2.2.

[INFO][deviceRecvPcapHandler()] Device veth2-1 with mac 86:14:e2:95:3f:ee capture an Ethernet frame from 4e:af:85:d6:a5:ba to ff:ff:ff:ff:ff:ff with ETHERTYPE 0x0123.
[INFO] The frame is RIP response packet.
[INFO][handleRIPReply()]
[INFO][Device::getDeviceByIPPrefix(ip)] Device veth2-1 found with id 0 and ip 10.100.1.1.
[ERROR][Device::getDeviceByIP(ip)] Device with IP 0.0.0.0 not found.
[INFO][Device::getDeviceByIP(ip)] Device veth2-1 found with id 0 and ip 10.100.1.2.

[INFO][deviceRecvPcapHandler()] Device veth2-1 with mac 86:14:e2:95:3f:ee capture an Ethernet frame from 86:14:e2:95:3f:ee to 33:33:00:00:00:02 with ETHERTYPE 0x86dd.
[INFO] The frame is from itself, drop it.

[INFO][deviceRecvPcapHandler()] Device veth2-1 with mac 86:14:e2:95:3f:ee capture an Ethernet frame from 4e:af:85:d6:a5:ba to 33:33:00:00:00:02 with ETHERTYPE 0x86dd.
[INFO] The frame's destination dosn't match, drop it.

[INFO][deviceRecvPcapHandler()] Device veth2-3 with mac 22:cf:80:f5:87:14 capture an Ethernet frame from ba:1e:8c:fc:81:dd to 33:33:00:00:00:02 with ETHERTYPE 0x86dd.
[INFO] The frame's destination dosn't match, drop it.
[INFO][sendRIPRequest()] Device veth2-3 send RIP request.
[INFO][Device::sendFrame()] Device veth2-3 send ether frame with ethtype 0x123.
[INFO][sendRIPRequest()] Device veth2-1 send RIP request.
[INFO][Device::sendFrame()] Device veth2-1 send ether frame with ethtype 0x123.

[INFO][deviceRecvPcapHandler()] Device veth2-1 with mac 86:14:e2:95:3f:ee capture an Ethernet frame from 4e:af:85:d6:a5:ba to ff:ff:ff:ff:ff:ff with ETHERTYPE 0x0123.
[INFO] The frame is RIP request packet.
[INFO][handleRIPRequest()]
[INFO][Device::getDeviceByIPPrefix(ip)] Device veth2-1 found with id 0 and ip 10.100.1.1.
[INFO][Device::sendFrame()] Device veth2-1 send ether frame with ethtype 0x123.
[INFO][sendRIPReply()] Device veth2-1 send RIP reply.

[INFO][deviceRecvPcapHandler()] Device veth2-3 with mac 22:cf:80:f5:87:14 capture an Ethernet frame from 22:cf:80:f5:87:14 to 33:33:00:00:00:02 with ETHERTYPE 0x86dd.
[INFO] The frame is from itself, drop it.

[INFO][deviceRecvPcapHandler()] Device veth2-3 with mac 22:cf:80:f5:87:14 capture an Ethernet frame from ba:1e:8c:fc:81:dd to ff:ff:ff:ff:ff:ff with ETHERTYPE 0x0123.
[INFO] The frame is RIP request packet.
[INFO][handleRIPRequest()]
[INFO][Device::getDeviceByIPPrefix(ip)] Device veth2-3 found with id 1 and ip 10.100.2.2.
[INFO][Device::sendFrame()] Device veth2-3 send ether frame with ethtype 0x123.
[INFO][sendRIPReply()] Device veth2-3 send RIP reply.

[INFO][deviceRecvPcapHandler()] Device veth2-3 with mac 22:cf:80:f5:87:14 capture an Ethernet frame from ba:1e:8c:fc:81:dd to ff:ff:ff:ff:ff:ff with ETHERTYPE 0x0123.
[INFO] The frame is RIP response packet.
[INFO][handleRIPReply()]
[INFO][Device::getDeviceByIPPrefix(ip)] Device veth2-3 found with id 1 and ip 10.100.2.2.
[INFO][Device::getDeviceByIP(ip)] Device veth2-3 found with id 1 and ip 10.100.2.1.
[ERROR][Device::getDeviceByIP(ip)] Device with IP 0.0.0.0 not found.
[ERROR][Device::getDeviceByIP(ip)] Device with IP 0.0.0.0 not found.
[INFO][RouteTable::set_route_item()] Insert the route item with IP 10.100.3.0 and next hop IP 10.100.2.2.

[INFO][deviceRecvPcapHandler()] Device veth2-1 with mac 86:14:e2:95:3f:ee capture an Ethernet frame from 4e:af:85:d6:a5:ba to ff:ff:ff:ff:ff:ff with ETHERTYPE 0x0123.
[INFO] The frame is RIP response packet.
[INFO][handleRIPReply()]
[INFO][Device::getDeviceByIPPrefix(ip)] Device veth2-1 found with id 0 and ip 10.100.1.1.
[ERROR][Device::getDeviceByIP(ip)] Device with IP 0.0.0.0 not found.
[INFO][Device::getDeviceByIP(ip)] Device veth2-1 found with id 0 and ip 10.100.1.2.
[INFO][Device::getDeviceByIP(ip)] Device veth2-1 found with id 0 and ip 10.100.1.2.
[INFO][sendRIPRequest()] Device veth2-1 send RIP request.
[INFO][Device::sendFrame()] Device veth2-1 send ether frame with ethtype 0x123.
[INFO][sendRIPRequest()] Device veth2-3 send RIP request.
[INFO][Device::sendFrame()] Device veth2-3 send ether frame with ethtype 0x123.

[INFO][deviceRecvPcapHandler()] Device veth2-1 with mac 86:14:e2:95:3f:ee capture an Ethernet frame from 4e:af:85:d6:a5:ba to ff:ff:ff:ff:ff:ff with ETHERTYPE 0x0123.
[INFO] The frame is RIP request packet.
[INFO][handleRIPRequest()]
[INFO][Device::getDeviceByIPPrefix(ip)] Device veth2-1 found with id 0 and ip 10.100.1.1.
[INFO][Device::sendFrame()] Device veth2-1 send ether frame with ethtype 0x123.
[INFO][sendRIPReply()] Device veth2-1 send RIP reply.

[INFO][deviceRecvPcapHandler()] Device veth2-3 with mac 22:cf:80:f5:87:14 capture an Ethernet frame from ba:1e:8c:fc:81:dd to ff:ff:ff:ff:ff:ff with ETHERTYPE 0x0123.
[INFO] The frame is RIP request packet.
[INFO][handleRIPRequest()]
[INFO][Device::getDeviceByIPPrefix(ip)] Device veth2-3 found with id 1 and ip 10.100.2.2.
[INFO][Device::sendFrame()] Device veth2-3 send ether frame with ethtype 0x123.
[INFO][sendRIPReply()] Device veth2-3 send RIP reply.

[INFO][deviceRecvPcapHandler()] Device veth2-3 with mac 22:cf:80:f5:87:14 capture an Ethernet frame from ba:1e:8c:fc:81:dd to ff:ff:ff:ff:ff:ff with ETHERTYPE 0x0123.
[INFO] The frame is RIP response packet.
[INFO][handleRIPReply()]
[INFO][Device::getDeviceByIPPrefix(ip)] Device veth2-3 found with id 1 and ip 10.100.2.2.
[INFO][Device::getDeviceByIP(ip)] Device veth2-3 found with id 1 and ip 10.100.2.1.
[ERROR][Device::getDeviceByIP(ip)] Device with IP 0.0.0.0 not found.
[ERROR][Device::getDeviceByIP(ip)] Device with IP 0.0.0.0 not found.
[INFO][RouteTable::set_route_item()] Insert the route item with IP 10.100.3.0 and next hop IP 10.100.2.2.

[INFO][deviceRecvPcapHandler()] Device veth2-1 with mac 86:14:e2:95:3f:ee capture an Ethernet frame from 4e:af:85:d6:a5:ba to ff:ff:ff:ff:ff:ff with ETHERTYPE 0x0123.
[INFO] The frame is RIP response packet.
[INFO][handleRIPReply()]
[INFO][Device::getDeviceByIPPrefix(ip)] Device veth2-1 found with id 0 and ip 10.100.1.1.
[ERROR][Device::getDeviceByIP(ip)] Device with IP 0.0.0.0 not found.
[INFO][Device::getDeviceByIP(ip)] Device veth2-1 found with id 0 and ip 10.100.1.2.
[INFO][Device::getDeviceByIP(ip)] Device veth2-1 found with id 0 and ip 10.100.1.2.
[INFO][sendRIPRequest()] Device veth2-1 send RIP request.
[INFO][Device::sendFrame()] Device veth2-1 send ether frame with ethtype 0x123.
[INFO][sendRIPRequest()] Device veth2-3 send RIP request.
[INFO][Device::sendFrame()] Device veth2-3 send ether frame with ethtype 0x123.

[INFO][deviceRecvPcapHandler()] Device veth2-1 with mac 86:14:e2:95:3f:ee capture an Ethernet frame from 4e:af:85:d6:a5:ba to ff:ff:ff:ff:ff:ff with ETHERTYPE 0x0806.
[INFO] The frame is ARP request packet.
[INFO][handleARPRequest()]
[INFO][DeviceManager::arpInsert()] Insert entry with IP 10.100.1.1 and MAC 4e:af:85:d6:a5:ba in the arp_cache.
[INFO][DeviceManager::arpQueryMac()] Successfully query IP 10.100.1.1 at arp_cache, return MAC 4e:af:85:d6:a5:ba.
[INFO][Device::sendFrame()] Device veth2-1 send ether frame with ethtype 0x806.
[INFO][sendARPReply()] Device veth2-1 sends ARP reply to IP 10.100.1.1

[INFO][deviceRecvPcapHandler()] Device veth2-1 with mac 86:14:e2:95:3f:ee capture an Ethernet frame from 4e:af:85:d6:a5:ba to ff:ff:ff:ff:ff:ff with ETHERTYPE 0x0123.
[INFO] The frame is RIP request packet.
[INFO][handleRIPRequest()]
[INFO][Device::getDeviceByIPPrefix(ip)] Device veth2-1 found with id 0 and ip 10.100.1.1.
[INFO][Device::sendFrame()] Device veth2-1 send ether frame with ethtype 0x123.
[INFO][sendRIPReply()] Device veth2-1 send RIP reply.

[INFO][deviceRecvPcapHandler()] Device veth2-3 with mac 22:cf:80:f5:87:14 capture an Ethernet frame from ba:1e:8c:fc:81:dd to ff:ff:ff:ff:ff:ff with ETHERTYPE 0x0123.
[INFO] The frame is RIP request packet.
[INFO][handleRIPRequest()]
[INFO][Device::getDeviceByIPPrefix(ip)] Device veth2-3 found with id 1 and ip 10.100.2.2.
[INFO][Device::sendFrame()] Device veth2-3 send ether frame with ethtype 0x123.
[INFO][sendRIPReply()] Device veth2-3 send RIP reply.

[INFO][deviceRecvPcapHandler()] Device veth2-3 with mac 22:cf:80:f5:87:14 capture an Ethernet frame from ba:1e:8c:fc:81:dd to ff:ff:ff:ff:ff:ff with ETHERTYPE 0x0123.
[INFO] The frame is RIP response packet.
[INFO][handleRIPReply()]
[INFO][Device::getDeviceByIPPrefix(ip)] Device veth2-3 found with id 1 and ip 10.100.2.2.
[INFO][Device::getDeviceByIP(ip)] Device veth2-3 found with id 1 and ip 10.100.2.1.
[ERROR][Device::getDeviceByIP(ip)] Device with IP 0.0.0.0 not found.
[ERROR][Device::getDeviceByIP(ip)] Device with IP 0.0.0.0 not found.
[INFO][RouteTable::set_route_item()] Insert the route item with IP 10.100.3.0 and next hop IP 10.100.2.2.

[INFO][deviceRecvPcapHandler()] Device veth2-1 with mac 86:14:e2:95:3f:ee capture an Ethernet frame from 4e:af:85:d6:a5:ba to ff:ff:ff:ff:ff:ff with ETHERTYPE 0x0123.
[INFO] The frame is RIP response packet.
[INFO][handleRIPReply()]
[INFO][Device::getDeviceByIPPrefix(ip)] Device veth2-1 found with id 0 and ip 10.100.1.1.
[ERROR][Device::getDeviceByIP(ip)] Device with IP 0.0.0.0 not found.
[INFO][Device::getDeviceByIP(ip)] Device veth2-1 found with id 0 and ip 10.100.1.2.
[INFO][Device::getDeviceByIP(ip)] Device veth2-1 found with id 0 and ip 10.100.1.2.
[INFO][sendRIPRequest()] Device veth2-1 send RIP request.
[INFO][Device::sendFrame()] Device veth2-1 send ether frame with ethtype 0x123.
[INFO][sendRIPRequest()] Device veth2-3 send RIP request.
[INFO][Device::sendFrame()] Device veth2-3 send ether frame with ethtype 0x123.

[INFO][deviceRecvPcapHandler()] Device veth2-1 with mac 86:14:e2:95:3f:ee capture an Ethernet frame from 4e:af:85:d6:a5:ba to 86:14:e2:95:3f:ee with ETHERTYPE 0x0800.
[INFO][handleIPPacket()]
[ERROR][Device::getDeviceByIP(ip)] Device with IP 10.100.3.2 not found.
[INFO][RouteTable::query_next_hop()] Query next hop at IP 10.100.3.2.
[INFO][RouteTable::query_next_hop()] The IP 10.100.3.2 has next hop 10.100.2.2.
[ERROR][DeviceManager::arpQueryMac()] IP 10.100.2.2 is not at arp_cache. I will send an ARP request.
[INFO][Device::sendFrame()] Device veth2-1 send ether frame with ethtype 0x806.
[INFO][sendARPRequest()] Device veth2-1 sends ARP request to IP 10.100.2.2
[INFO][Device::sendFrame()] Device veth2-3 send ether frame with ethtype 0x806.
[INFO][sendARPRequest()] Device veth2-3 sends ARP request to IP 10.100.2.2

[INFO][deviceRecvPcapHandler()] Device veth2-3 with mac 22:cf:80:f5:87:14 capture an Ethernet frame from ba:1e:8c:fc:81:dd to 33:33:00:00:00:02 with ETHERTYPE 0x86dd.
[INFO] The frame's destination dosn't match, drop it.

[INFO][deviceRecvPcapHandler()] Device veth2-3 with mac 22:cf:80:f5:87:14 capture an Ethernet frame from ba:1e:8c:fc:81:dd to ff:ff:ff:ff:ff:ff with ETHERTYPE 0x0123.
[INFO] The frame is RIP request packet.
[INFO][handleRIPRequest()]
[INFO][Device::getDeviceByIPPrefix(ip)] Device veth2-3 found with id 1 and ip 10.100.2.2.
[INFO][Device::sendFrame()] Device veth2-3 send ether frame with ethtype 0x123.
[INFO][sendRIPReply()] Device veth2-3 send RIP reply.

[INFO][deviceRecvPcapHandler()] Device veth2-3 with mac 22:cf:80:f5:87:14 capture an Ethernet frame from ba:1e:8c:fc:81:dd to ff:ff:ff:ff:ff:ff with ETHERTYPE 0x0123.
[INFO] The frame is RIP response packet.
[INFO][handleRIPReply()]
[INFO][Device::getDeviceByIPPrefix(ip)] Device veth2-3 found with id 1 and ip 10.100.2.2.
[INFO][Device::getDeviceByIP(ip)] Device veth2-3 found with id 1 and ip 10.100.2.1.
[ERROR][Device::getDeviceByIP(ip)] Device with IP 0.0.0.0 not found.
[ERROR][Device::getDeviceByIP(ip)] Device with IP 0.0.0.0 not found.
[INFO][RouteTable::set_route_item()] Insert the route item with IP 10.100.3.0 and next hop IP 10.100.2.2.

[INFO][deviceRecvPcapHandler()] Device veth2-3 with mac 22:cf:80:f5:87:14 capture an Ethernet frame from 22:cf:80:f5:87:14 to 33:33:00:00:00:02 with ETHERTYPE 0x86dd.
[INFO] The frame is from itself, drop it.

[INFO][deviceRecvPcapHandler()] Device veth2-3 with mac 22:cf:80:f5:87:14 capture an Ethernet frame from ba:1e:8c:fc:81:dd to 22:cf:80:f5:87:14 with ETHERTYPE 0x0806.
[INFO] The frame is ARP reply packet.
[INFO][handleARPReply()]
[INFO][DeviceManager::arpInsert()] Insert entry with IP 10.100.2.2 and MAC ba:1e:8c:fc:81:dd in the arp_cache.
[INFO][sendRIPRequest()] Device veth2-1 send RIP request.
[INFO][Device::sendFrame()] Device veth2-1 send ether frame with ethtype 0x123.
[INFO][sendRIPRequest()] Device veth2-3 send RIP request.
[INFO][Device::sendFrame()] Device veth2-3 send ether frame with ethtype 0x123.
[INFO][Device::getDeviceByIPPrefix(ip)] Device veth2-3 found with id 1 and ip 10.100.2.2.
[INFO] Device "Ï€õ‡ with IP 10.100.1.2 forward IP packet from IP 10.100.1.1 to IP 10.100.3.2 with mac ba:1e:8c:fc:81:dd.
[INFO][Device::sendFrame()] Device veth2-3 send ether frame with ethtype 0x800.

[INFO][deviceRecvPcapHandler()] Device veth2-1 with mac 86:14:e2:95:3f:ee capture an Ethernet frame from 4e:af:85:d6:a5:ba to ff:ff:ff:ff:ff:ff with ETHERTYPE 0x0123.
[INFO] The frame is RIP request packet.
[INFO][handleRIPRequest()]
[INFO][Device::getDeviceByIPPrefix(ip)] Device veth2-1 found with id 0 and ip 10.100.1.1.
[INFO][Device::sendFrame()] Device veth2-1 send ether frame with ethtype 0x123.
[INFO][sendRIPReply()] Device veth2-1 send RIP reply.

[INFO][deviceRecvPcapHandler()] Device veth2-1 with mac 86:14:e2:95:3f:ee capture an Ethernet frame from 86:14:e2:95:3f:ee to 33:33:00:00:00:02 with ETHERTYPE 0x86dd.
[INFO] The frame is from itself, drop it.

[INFO][deviceRecvPcapHandler()] Device veth2-1 with mac 86:14:e2:95:3f:ee capture an Ethernet frame from 4e:af:85:d6:a5:ba to ff:ff:ff:ff:ff:ff with ETHERTYPE 0x0123.
[INFO] The frame is RIP response packet.
[INFO][handleRIPReply()]
[INFO][Device::getDeviceByIPPrefix(ip)] Device veth2-1 found with id 0 and ip 10.100.1.1.
[ERROR][Device::getDeviceByIP(ip)] Device with IP 0.0.0.0 not found.
[INFO][Device::getDeviceByIP(ip)] Device veth2-1 found with id 0 and ip 10.100.1.2.
[INFO][Device::getDeviceByIP(ip)] Device veth2-1 found with id 0 and ip 10.100.1.2.

[INFO][deviceRecvPcapHandler()] Device veth2-1 with mac 86:14:e2:95:3f:ee capture an Ethernet frame from 4e:af:85:d6:a5:ba to 33:33:00:00:00:02 with ETHERTYPE 0x86dd.
[INFO] The frame's destination dosn't match, drop it.

[INFO][deviceRecvPcapHandler()] Device veth2-1 with mac 86:14:e2:95:3f:ee capture an Ethernet frame from 4e:af:85:d6:a5:ba to ff:ff:ff:ff:ff:ff with ETHERTYPE 0x0123.
[INFO] The frame is RIP request packet.
[INFO][handleRIPRequest()]
[INFO][Device::getDeviceByIPPrefix(ip)] Device veth2-1 found with id 0 and ip 10.100.1.1.
[INFO][Device::sendFrame()] Device veth2-1 send ether frame with ethtype 0x123.
[INFO][sendRIPReply()] Device veth2-1 send RIP reply.

[INFO][deviceRecvPcapHandler()] Device veth2-3 with mac 22:cf:80:f5:87:14 capture an Ethernet frame from ba:1e:8c:fc:81:dd to ff:ff:ff:ff:ff:ff with ETHERTYPE 0x0123.
[INFO] The frame is RIP request packet.
[INFO][handleRIPRequest()]
[INFO][Device::getDeviceByIPPrefix(ip)] Device veth2-3 found with id 1 and ip 10.100.2.2.
[INFO][Device::sendFrame()] Device veth2-3 send ether frame with ethtype 0x123.
[INFO][sendRIPReply()] Device veth2-3 send RIP reply.

[INFO][deviceRecvPcapHandler()] Device veth2-3 with mac 22:cf:80:f5:87:14 capture an Ethernet frame from ba:1e:8c:fc:81:dd to ff:ff:ff:ff:ff:ff with ETHERTYPE 0x0123.
[INFO] The frame is RIP response packet.
[INFO][handleRIPReply()]
[INFO][Device::getDeviceByIPPrefix(ip)] Device veth2-3 found with id 1 and ip 10.100.2.2.
[INFO][Device::getDeviceByIP(ip)] Device veth2-3 found with id 1 and ip 10.100.2.1.
[ERROR][Device::getDeviceByIP(ip)] Device with IP 0.0.0.0 not found.
[ERROR][Device::getDeviceByIP(ip)] Device with IP 0.0.0.0 not found.
[INFO][RouteTable::set_route_item()] Insert the route item with IP 10.100.3.0 and next hop IP 10.100.2.2.

[INFO][deviceRecvPcapHandler()] Device veth2-3 with mac 22:cf:80:f5:87:14 capture an Ethernet frame from ba:1e:8c:fc:81:dd to ff:ff:ff:ff:ff:ff with ETHERTYPE 0x0806.
[INFO] The frame is ARP request packet.
[INFO][handleARPRequest()]
[ERROR][handleARPRequest()] Device veth2-3: The ARP packet's parameters does not match
ar_op: 1; dst_ip: 0x203640a; This ip: 0x102640a
[INFO][deviceRecvPcapHandler()] Device veth2-1 with mac 86:14:e2:95:3f:ee capture an Ethernet frame from 4e:af:85:d6:a5:ba to ff:ff:ff:ff:ff:ff with ETHERTYPE 0x0123.
[INFO] The frame is RIP response packet.
[INFO][handleRIPReply()]
[INFO][Device::getDeviceByIPPrefix(ip)] Device veth2-1 found with id 0 and ip 10.100.1.1.
[ERROR][Device::getDeviceByIP(ip)] Device with IP 0.0.0.0 not found.
[INFO][Device::getDeviceByIP(ip)] Device veth2-1 found with id 0 and ip 10.100.1.2.
[INFO][Device::getDeviceByIP(ip)] Device veth2-1 found with id 0 and ip 10.100.1.2.
[INFO][sendRIPRequest()] Device veth2-1 send RIP request.
[INFO][Device::sendFrame()] Device veth2-1 send ether frame with ethtype 0x123.
[INFO][sendRIPRequest()] Device veth2-3 send RIP request.
[INFO][Device::sendFrame()] Device veth2-3 send ether frame with ethtype 0x123.

[INFO][deviceRecvPcapHandler()] Device veth2-1 with mac 86:14:e2:95:3f:ee capture an Ethernet frame from 4e:af:85:d6:a5:ba to ff:ff:ff:ff:ff:ff with ETHERTYPE 0x0123.
[INFO] The frame is RIP request packet.
[INFO][handleRIPRequest()]
[INFO][Device::getDeviceByIPPrefix(ip)] Device veth2-1 found with id 0 and ip 10.100.1.1.
[INFO][Device::sendFrame()] Device veth2-1 send ether frame with ethtype 0x123.
[INFO][sendRIPReply()] Device veth2-1 send RIP reply.

[INFO][deviceRecvPcapHandler()] Device veth2-3 with mac 22:cf:80:f5:87:14 capture an Ethernet frame from ba:1e:8c:fc:81:dd to ff:ff:ff:ff:ff:ff with ETHERTYPE 0x0123.
[INFO] The frame is RIP request packet.
[INFO][handleRIPRequest()]
[INFO][Device::getDeviceByIPPrefix(ip)] Device veth2-3 found with id 1 and ip 10.100.2.2.
[INFO][Device::sendFrame()] Device veth2-3 send ether frame with ethtype 0x123.
[INFO][sendRIPReply()] Device veth2-3 send RIP reply.

[INFO][deviceRecvPcapHandler()] Device veth2-1 with mac 86:14:e2:95:3f:ee capture an Ethernet frame from 4e:af:85:d6:a5:ba to ff:ff:ff:ff:ff:ff with ETHERTYPE 0x0123.
[INFO] The frame is RIP response packet.
[INFO][handleRIPReply()]
[INFO][Device::getDeviceByIPPrefix(ip)] Device veth2-1 found with id 0 and ip 10.100.1.1.
[ERROR][Device::getDeviceByIP(ip)] Device with IP 0.0.0.0 not found.
[INFO][Device::getDeviceByIP(ip)] Device veth2-1 found with id 0 and ip 10.100.1.2.
[INFO][Device::getDeviceByIP(ip)] Device veth2-1 found with id 0 and ip 10.100.1.2.

[INFO][deviceRecvPcapHandler()] Device veth2-3 with mac 22:cf:80:f5:87:14 capture an Ethernet frame from ba:1e:8c:fc:81:dd to ff:ff:ff:ff:ff:ff with ETHERTYPE 0x0123.
[INFO] The frame is RIP response packet.
[INFO][handleRIPReply()]
[INFO][Device::getDeviceByIPPrefix(ip)] Device veth2-3 found with id 1 and ip 10.100.2.2.
[INFO][Device::getDeviceByIP(ip)] Device veth2-3 found with id 1 and ip 10.100.2.1.
[ERROR][Device::getDeviceByIP(ip)] Device with IP 0.0.0.0 not found.
[ERROR][Device::getDeviceByIP(ip)] Device with IP 0.0.0.0 not found.
[INFO][RouteTable::set_route_item()] Insert the route item with IP 10.100.3.0 and next hop IP 10.100.2.2.
[INFO][sendRIPRequest()] Device veth2-1 send RIP request.
[INFO][Device::sendFrame()] Device veth2-1 send ether frame with ethtype 0x123.
[INFO][sendRIPRequest()] Device veth2-3 send RIP request.
[INFO][Device::sendFrame()] Device veth2-3 send ether frame with ethtype 0x123.

[INFO][deviceRecvPcapHandler()] Device veth2-1 with mac 86:14:e2:95:3f:ee capture an Ethernet frame from 4e:af:85:d6:a5:ba to ff:ff:ff:ff:ff:ff with ETHERTYPE 0x0123.
[INFO] The frame is RIP request packet.
[INFO][handleRIPRequest()]
[INFO][Device::getDeviceByIPPrefix(ip)] Device veth2-1 found with id 0 and ip 10.100.1.1.
[INFO][Device::sendFrame()] Device veth2-1 send ether frame with ethtype 0x123.
[INFO][sendRIPReply()] Device veth2-1 send RIP reply.

[INFO][deviceRecvPcapHandler()] Device veth2-3 with mac 22:cf:80:f5:87:14 capture an Ethernet frame from ba:1e:8c:fc:81:dd to ff:ff:ff:ff:ff:ff with ETHERTYPE 0x0123.
[INFO] The frame is RIP request packet.
[INFO][handleRIPRequest()]
[INFO][Device::getDeviceByIPPrefix(ip)] Device veth2-3 found with id 1 and ip 10.100.2.2.
[INFO][Device::sendFrame()] Device veth2-3 send ether frame with ethtype 0x123.
[INFO][sendRIPReply()] Device veth2-3 send RIP reply.

[INFO][deviceRecvPcapHandler()] Device veth2-3 with mac 22:cf:80:f5:87:14 capture an Ethernet frame from ba:1e:8c:fc:81:dd to ff:ff:ff:ff:ff:ff with ETHERTYPE 0x0123.
[INFO] The frame is RIP response packet.
[INFO][handleRIPReply()]
[INFO][Device::getDeviceByIPPrefix(ip)] Device veth2-3 found with id 1 and ip 10.100.2.2.
[INFO][Device::getDeviceByIP(ip)] Device veth2-3 found with id 1 and ip 10.100.2.1.
[ERROR][Device::getDeviceByIP(ip)] Device with IP 0.0.0.0 not found.
[ERROR][Device::getDeviceByIP(ip)] Device with IP 0.0.0.0 not found.
[INFO][RouteTable::set_route_item()] Insert the route item with IP 10.100.3.0 and next hop IP 10.100.2.2.

[INFO][deviceRecvPcapHandler()] Device veth2-1 with mac 86:14:e2:95:3f:ee capture an Ethernet frame from 4e:af:85:d6:a5:ba to ff:ff:ff:ff:ff:ff with ETHERTYPE 0x0123.
[INFO] The frame is RIP response packet.
[INFO][handleRIPReply()]
[INFO][Device::getDeviceByIPPrefix(ip)] Device veth2-1 found with id 0 and ip 10.100.1.1.
[ERROR][Device::getDeviceByIP(ip)] Device with IP 0.0.0.0 not found.
[INFO][Device::getDeviceByIP(ip)] Device veth2-1 found with id 0 and ip 10.100.1.2.
[INFO][Device::getDeviceByIP(ip)] Device veth2-1 found with id 0 and ip 10.100.1.2.
[INFO][sendRIPRequest()] Device veth2-3 send RIP request.
[INFO][Device::sendFrame()] Device veth2-3 send ether frame with ethtype 0x123.
[INFO][sendRIPRequest()] Device veth2-1 send RIP request.
[INFO][Device::sendFrame()] Device veth2-1 send ether frame with ethtype 0x123.

[INFO][deviceRecvPcapHandler()] Device veth2-1 with mac 86:14:e2:95:3f:ee capture an Ethernet frame from 4e:af:85:d6:a5:ba to ff:ff:ff:ff:ff:ff with ETHERTYPE 0x0123.
[INFO] The frame is RIP request packet.
[INFO][handleRIPRequest()]
[INFO][Device::getDeviceByIPPrefix(ip)] Device veth2-1 found with id 0 and ip 10.100.1.1.
[INFO][Device::sendFrame()] Device veth2-1 send ether frame with ethtype 0x123.
[INFO][sendRIPReply()] Device veth2-1 send RIP reply.

[INFO][deviceRecvPcapHandler()] Device veth2-3 with mac 22:cf:80:f5:87:14 capture an Ethernet frame from ba:1e:8c:fc:81:dd to ff:ff:ff:ff:ff:ff with ETHERTYPE 0x0123.
[INFO] The frame is RIP request packet.
[INFO][handleRIPRequest()]
[INFO][Device::getDeviceByIPPrefix(ip)] Device veth2-3 found with id 1 and ip 10.100.2.2.
[INFO][Device::sendFrame()] Device veth2-3 send ether frame with ethtype 0x123.
[INFO][sendRIPReply()] Device veth2-3 send RIP reply.

[INFO][deviceRecvPcapHandler()] Device veth2-3 with mac 22:cf:80:f5:87:14 capture an Ethernet frame from ba:1e:8c:fc:81:dd to ff:ff:ff:ff:ff:ff with ETHERTYPE 0x0123.
[INFO] The frame is RIP response packet.
[INFO][handleRIPReply()]
[INFO][Device::getDeviceByIPPrefix(ip)] Device veth2-3 found with id 1 and ip 10.100.2.2.
[INFO][Device::getDeviceByIP(ip)] Device veth2-3 found with id 1 and ip 10.100.2.1.
[ERROR][Device::getDeviceByIP(ip)] Device with IP 0.0.0.0 not found.
[ERROR][Device::getDeviceByIP(ip)] Device with IP 0.0.0.0 not found.
[INFO][RouteTable::set_route_item()] Insert the route item with IP 10.100.3.0 and next hop IP 10.100.2.2.

[INFO][deviceRecvPcapHandler()] Device veth2-1 with mac 86:14:e2:95:3f:ee capture an Ethernet frame from 4e:af:85:d6:a5:ba to ff:ff:ff:ff:ff:ff with ETHERTYPE 0x0123.
[INFO] The frame is RIP response packet.
[INFO][handleRIPReply()]
[INFO][Device::getDeviceByIPPrefix(ip)] Device veth2-1 found with id 0 and ip 10.100.1.1.
[ERROR][Device::getDeviceByIP(ip)] Device with IP 0.0.0.0 not found.
[INFO][Device::getDeviceByIP(ip)] Device veth2-1 found with id 0 and ip 10.100.1.2.
[INFO][Device::getDeviceByIP(ip)] Device veth2-1 found with id 0 and ip 10.100.1.2.
[INFO][sendRIPRequest()] Device veth2-1 send RIP request.
[INFO][Device::sendFrame()] Device veth2-1 send ether frame with ethtype 0x123.
[INFO][sendRIPRequest()] Device veth2-3 send RIP request.
[INFO][Device::sendFrame()] Device veth2-3 send ether frame with ethtype 0x123.

[INFO][deviceRecvPcapHandler()] Device veth2-1 with mac 86:14:e2:95:3f:ee capture an Ethernet frame from 4e:af:85:d6:a5:ba to 86:14:e2:95:3f:ee with ETHERTYPE 0x0800.
[INFO][handleIPPacket()]
[ERROR][Device::getDeviceByIP(ip)] Device with IP 10.100.3.2 not found.
[INFO][RouteTable::query_next_hop()] Query next hop at IP 10.100.3.2.
[INFO][RouteTable::query_next_hop()] The IP 10.100.3.2 has next hop 10.100.2.2.
[INFO][DeviceManager::arpQueryMac()] Successfully query IP 10.100.2.2 at arp_cache, return MAC ba:1e:8c:fc:81:dd.
[INFO][Device::getDeviceByIPPrefix(ip)] Device veth2-3 found with id 1 and ip 10.100.2.2.
[INFO] Device "Ï€õ‡ with IP 10.100.1.2 forward IP packet from IP 10.100.1.1 to IP 10.100.3.2 with mac ba:1e:8c:fc:81:dd.
[INFO][Device::sendFrame()] Device veth2-3 send ether frame with ethtype 0x800.

[INFO][deviceRecvPcapHandler()] Device veth2-1 with mac 86:14:e2:95:3f:ee capture an Ethernet frame from 4e:af:85:d6:a5:ba to ff:ff:ff:ff:ff:ff with ETHERTYPE 0x0123.
[INFO] The frame is RIP request packet.
[INFO][handleRIPRequest()]
[INFO][Device::getDeviceByIPPrefix(ip)] Device veth2-1 found with id 0 and ip 10.100.1.1.
[INFO][Device::sendFrame()] Device veth2-1 send ether frame with ethtype 0x123.
[INFO][sendRIPReply()] Device veth2-1 send RIP reply.

[INFO][deviceRecvPcapHandler()] Device veth2-3 with mac 22:cf:80:f5:87:14 capture an Ethernet frame from ba:1e:8c:fc:81:dd to ff:ff:ff:ff:ff:ff with ETHERTYPE 0x0123.
[INFO] The frame is RIP request packet.
[INFO][handleRIPRequest()]
[INFO][Device::getDeviceByIPPrefix(ip)] Device veth2-3 found with id 1 and ip 10.100.2.2.
[INFO][Device::sendFrame()] Device veth2-3 send ether frame with ethtype 0x123.
[INFO][sendRIPReply()] Device veth2-3 send RIP reply.

[INFO][deviceRecvPcapHandler()] Device veth2-3 with mac 22:cf:80:f5:87:14 capture an Ethernet frame from ba:1e:8c:fc:81:dd to ff:ff:ff:ff:ff:ff with ETHERTYPE 0x0123.
[INFO] The frame is RIP response packet.
[INFO][handleRIPReply()]
[INFO][Device::getDeviceByIPPrefix(ip)] Device veth2-3 found with id 1 and ip 10.100.2.2.
[INFO][Device::getDeviceByIP(ip)] Device veth2-3 found with id 1 and ip 10.100.2.1.
[ERROR][Device::getDeviceByIP(ip)] Device with IP 0.0.0.0 not found.
[ERROR][Device::getDeviceByIP(ip)] Device with IP 0.0.0.0 not found.
[INFO][RouteTable::set_route_item()] Insert the route item with IP 10.100.3.0 and next hop IP 10.100.2.2.

[INFO][deviceRecvPcapHandler()] Device veth2-1 with mac 86:14:e2:95:3f:ee capture an Ethernet frame from 4e:af:85:d6:a5:ba to ff:ff:ff:ff:ff:ff with ETHERTYPE 0x0123.
[INFO] The frame is RIP response packet.
[INFO][handleRIPReply()]
[INFO][Device::getDeviceByIPPrefix(ip)] Device veth2-1 found with id 0 and ip 10.100.1.1.
[ERROR][Device::getDeviceByIP(ip)] Device with IP 0.0.0.0 not found.
[INFO][Device::getDeviceByIP(ip)] Device veth2-1 found with id 0 and ip 10.100.1.2.
[INFO][Device::getDeviceByIP(ip)] Device veth2-1 found with id 0 and ip 10.100.1.2.
[INFO][sendRIPRequest()] Device veth2-1 send RIP request.
[INFO][Device::sendFrame()] Device veth2-1 send ether frame with ethtype 0x123.
[INFO][sendRIPRequest()] Device veth2-3 send RIP request.
[INFO][Device::sendFrame()] Device veth2-3 send ether frame with ethtype 0x123.

[INFO][deviceRecvPcapHandler()] Device veth2-1 with mac 86:14:e2:95:3f:ee capture an Ethernet frame from 4e:af:85:d6:a5:ba to ff:ff:ff:ff:ff:ff with ETHERTYPE 0x0123.
[INFO] The frame is RIP request packet.
[INFO][handleRIPRequest()]
[INFO][Device::getDeviceByIPPrefix(ip)] Device veth2-1 found with id 0 and ip 10.100.1.1.
[INFO][Device::sendFrame()] Device veth2-1 send ether frame with ethtype 0x123.
[INFO][sendRIPReply()] Device veth2-1 send RIP reply.

[INFO][deviceRecvPcapHandler()] Device veth2-3 with mac 22:cf:80:f5:87:14 capture an Ethernet frame from ba:1e:8c:fc:81:dd to ff:ff:ff:ff:ff:ff with ETHERTYPE 0x0123.
[INFO] The frame is RIP request packet.
[INFO][handleRIPRequest()]
[INFO][Device::getDeviceByIPPrefix(ip)] Device veth2-3 found with id 1 and ip 10.100.2.2.
[INFO][Device::sendFrame()] Device veth2-3 send ether frame with ethtype 0x123.
[INFO][sendRIPReply()] Device veth2-3 send RIP reply.

[INFO][deviceRecvPcapHandler()] Device veth2-3 with mac 22:cf:80:f5:87:14 capture an Ethernet frame from ba:1e:8c:fc:81:dd to ff:ff:ff:ff:ff:ff with ETHERTYPE 0x0123.
[INFO] The frame is RIP response packet.
[INFO][handleRIPReply()]
[INFO][Device::getDeviceByIPPrefix(ip)] Device veth2-3 found with id 1 and ip 10.100.2.2.
[INFO][Device::getDeviceByIP(ip)] Device veth2-3 found with id 1 and ip 10.100.2.1.
[ERROR][Device::getDeviceByIP(ip)] Device with IP 0.0.0.0 not found.
[ERROR][Device::getDeviceByIP(ip)] Device with IP 0.0.0.0 not found.
[INFO][RouteTable::set_route_item()] Insert the route item with IP 10.100.3.0 and next hop IP 10.100.2.2.
[ERROR][deviceRecvFrame()] pcap_loop error.
[INFO][DeviceManager::routeTableUpdate()] Exit.
[ERROR][deviceRecvFrame()] pcap_loop error.
[ERROR][Device::findDevice()] Device veth2-1 not found.
[INFO][Device()::addDevice()] Add device veth2-1, whose mac address is 86:14:e2:95:3f:ee.
[INFO][Device::Device()] The IP address of veth2-1 is 10.100.1.2, subnet mask is 255.255.255.0
[INFO][DeviceManager::arpInsert()] Insert entry with IP 10.100.1.2 and MAC 86:14:e2:95:3f:ee in the arp_cache.
[INFO][RouteTable::set_route_item()] Insert the route item with IP 10.100.1.2 and next hop IP 0.0.0.0.
[ERROR][Device::findDevice()] Device veth2-3 not found.
[INFO][Device()::addDevice()] Add device veth2-3, whose mac address is 22:cf:80:f5:87:14.
[INFO][Device::Device()] The IP address of veth2-3 is 10.100.2.1, subnet mask is 255.255.255.0
[INFO][DeviceManager::arpInsert()] Insert entry with IP 10.100.2.1 and MAC 22:cf:80:f5:87:14 in the arp_cache.
[INFO][RouteTable::set_route_item()] Insert the route item with IP 10.100.2.1 and next hop IP 0.0.0.0.
[INFO][sendRIPRequest()] Device veth2-1 send RIP request.
[INFO][sendRIPRequest()] Device veth2-3 send RIP request.
[INFO][Device::sendFrame()] Device veth2-3 send ether frame with ethtype 0x123.
[INFO][Device::sendFrame()] Device veth2-1 send ether frame with ethtype 0x123.

[INFO][deviceRecvPcapHandler()] Device veth2-1 with mac 86:14:e2:95:3f:ee capture an Ethernet frame from 4e:af:85:d6:a5:ba to ff:ff:ff:ff:ff:ff with ETHERTYPE 0x0123.
[INFO] The frame is RIP request packet.
[INFO][handleRIPRequest()]
[INFO][Device::getDeviceByIPPrefix(ip)] Device veth2-1 found with id 0 and ip 10.100.1.1.
[INFO][Device::sendFrame()] Device veth2-1 send ether frame with ethtype 0x123.
[INFO][sendRIPReply()] Device veth2-1 send RIP reply.

[INFO][deviceRecvPcapHandler()] Device veth2-3 with mac 22:cf:80:f5:87:14 capture an Ethernet frame from ba:1e:8c:fc:81:dd to ff:ff:ff:ff:ff:ff with ETHERTYPE 0x0123.
[INFO] The frame is RIP request packet.
[INFO][handleRIPRequest()]
[INFO][Device::getDeviceByIPPrefix(ip)] Device veth2-3 found with id 1 and ip 10.100.2.2.
[INFO][Device::sendFrame()] Device veth2-3 send ether frame with ethtype 0x123.
[INFO][sendRIPReply()] Device veth2-3 send RIP reply.

[INFO][deviceRecvPcapHandler()] Device veth2-3 with mac 22:cf:80:f5:87:14 capture an Ethernet frame from ba:1e:8c:fc:81:dd to ff:ff:ff:ff:ff:ff with ETHERTYPE 0x0123.
[INFO] The frame is RIP response packet.
[INFO][handleRIPReply()]
[INFO][Device::getDeviceByIPPrefix(ip)] Device veth2-3 found with id 1 and ip 10.100.2.2.
[ERROR][Device::getDeviceByIP(ip)] Device with IP 0.0.0.0 not found.
[ERROR][Device::getDeviceByIPPrefix(ip)] Device with IP 10.100.3.0 not found.
[INFO][RouteTable::set_route_item()] Insert the route item with IP 10.100.3.0 and next hop IP 10.100.2.2.
[INFO][DeviceManager::printRouteTable()]
-------------------------------------------------------------------------------------------------------------------------------
| Destination IP  | Net Mask        | Next Hop IP     | Distance        | Invalid Timer   | Flush Timer     | Valid           |
-------------------------------------------------------------------------------------------------------------------------------
| 10.100.1.0      | 255.255.255.0   | 0.0.0.0         | 0               | 5               | 4               | 1               |
-------------------------------------------------------------------------------------------------------------------------------
| 10.100.2.0      | 255.255.255.0   | 0.0.0.0         | 0               | 6               | 4               | 1               |
-------------------------------------------------------------------------------------------------------------------------------
| 10.100.3.0      | 255.255.255.0   | 10.100.2.2      | 1               | 6               | 4               | 1               |
-------------------------------------------------------------------------------------------------------------------------------


[INFO][deviceRecvPcapHandler()] Device veth2-1 with mac 86:14:e2:95:3f:ee capture an Ethernet frame from 4e:af:85:d6:a5:ba to ff:ff:ff:ff:ff:ff with ETHERTYPE 0x0123.
[INFO] The frame is RIP response packet.
[INFO][handleRIPReply()]
[INFO][Device::getDeviceByIPPrefix(ip)] Device veth2-1 found with id 0 and ip 10.100.1.1.
[INFO][sendRIPRequest()] Device veth2-1 send RIP request.
[INFO][Device::sendFrame()] Device veth2-1 send ether frame with ethtype 0x123.
[INFO][sendRIPRequest()] Device veth2-3 send RIP request.
[INFO][Device::sendFrame()] Device veth2-3 send ether frame with ethtype 0x123.

[INFO][deviceRecvPcapHandler()] Device veth2-1 with mac 86:14:e2:95:3f:ee capture an Ethernet frame from 4e:af:85:d6:a5:ba to ff:ff:ff:ff:ff:ff with ETHERTYPE 0x0123.
[INFO] The frame is RIP request packet.
[INFO][handleRIPRequest()]
[INFO][Device::getDeviceByIPPrefix(ip)] Device veth2-1 found with id 0 and ip 10.100.1.1.
[INFO][Device::sendFrame()] Device veth2-1 send ether frame with ethtype 0x123.
[INFO][sendRIPReply()] Device veth2-1 send RIP reply.

[INFO][deviceRecvPcapHandler()] Device veth2-3 with mac 22:cf:80:f5:87:14 capture an Ethernet frame from ba:1e:8c:fc:81:dd to ff:ff:ff:ff:ff:ff with ETHERTYPE 0x0123.
[INFO] The frame is RIP request packet.
[INFO][handleRIPRequest()]
[INFO][Device::getDeviceByIPPrefix(ip)] Device veth2-3 found with id 1 and ip 10.100.2.2.
[INFO][Device::sendFrame()] Device veth2-3 send ether frame with ethtype 0x123.
[INFO][sendRIPReply()] Device veth2-3 send RIP reply.

[INFO][deviceRecvPcapHandler()] Device veth2-3 with mac 22:cf:80:f5:87:14 capture an Ethernet frame from ba:1e:8c:fc:81:dd to ff:ff:ff:ff:ff:ff with ETHERTYPE 0x0123.
[INFO] The frame is RIP response packet.
[INFO][handleRIPReply()]
[INFO][Device::getDeviceByIPPrefix(ip)] Device veth2-3 found with id 1 and ip 10.100.2.2.
[INFO][Device::getDeviceByIP(ip)] Device veth2-3 found with id 1 and ip 10.100.2.1.
[ERROR][Device::getDeviceByIP(ip)] Device with IP 0.0.0.0 not found.
[ERROR][Device::getDeviceByIP(ip)] Device with IP 0.0.0.0 not found.
[INFO][RouteTable::set_route_item()] Insert the route item with IP 10.100.3.0 and next hop IP 10.100.2.2.

[INFO][deviceRecvPcapHandler()] Device veth2-1 with mac 86:14:e2:95:3f:ee capture an Ethernet frame from 4e:af:85:d6:a5:ba to ff:ff:ff:ff:ff:ff with ETHERTYPE 0x0123.
[INFO] The frame is RIP response packet.
[INFO][handleRIPReply()]
[INFO][Device::getDeviceByIPPrefix(ip)] Device veth2-1 found with id 0 and ip 10.100.1.1.
[ERROR][Device::getDeviceByIP(ip)] Device with IP 0.0.0.0 not found.
[INFO][Device::getDeviceByIP(ip)] Device veth2-1 found with id 0 and ip 10.100.1.2.
[INFO][sendRIPRequest()] Device veth2-1 send RIP request.
[INFO][Device::sendFrame()] Device veth2-1 send ether frame with ethtype 0x123.
[INFO][sendRIPRequest()] Device veth2-3 send RIP request.
[INFO][Device::sendFrame()] Device veth2-3 send ether frame with ethtype 0x123.

[INFO][deviceRecvPcapHandler()] Device veth2-1 with mac 86:14:e2:95:3f:ee capture an Ethernet frame from 4e:af:85:d6:a5:ba to ff:ff:ff:ff:ff:ff with ETHERTYPE 0x0123.
[INFO] The frame is RIP request packet.
[INFO][handleRIPRequest()]
[INFO][Device::getDeviceByIPPrefix(ip)] Device veth2-1 found with id 0 and ip 10.100.1.1.
[INFO][Device::sendFrame()] Device veth2-1 send ether frame with ethtype 0x123.
[INFO][sendRIPReply()] Device veth2-1 send RIP reply.

[INFO][deviceRecvPcapHandler()] Device veth2-3 with mac 22:cf:80:f5:87:14 capture an Ethernet frame from ba:1e:8c:fc:81:dd to ff:ff:ff:ff:ff:ff with ETHERTYPE 0x0123.
[INFO] The frame is RIP request packet.
[INFO][handleRIPRequest()]
[INFO][Device::getDeviceByIPPrefix(ip)] Device veth2-3 found with id 1 and ip 10.100.2.2.
[INFO][Device::sendFrame()] Device veth2-3 send ether frame with ethtype 0x123.
[INFO][sendRIPReply()] Device veth2-3 send RIP reply.

[INFO][deviceRecvPcapHandler()] Device veth2-3 with mac 22:cf:80:f5:87:14 capture an Ethernet frame from ba:1e:8c:fc:81:dd to ff:ff:ff:ff:ff:ff with ETHERTYPE 0x0123.
[INFO] The frame is RIP response packet.
[INFO][handleRIPReply()]
[INFO][Device::getDeviceByIPPrefix(ip)] Device veth2-3 found with id 1 and ip 10.100.2.2.
[INFO][Device::getDeviceByIP(ip)] Device veth2-3 found with id 1 and ip 10.100.2.1.
[ERROR][Device::getDeviceByIP(ip)] Device with IP 0.0.0.0 not found.
[ERROR][Device::getDeviceByIP(ip)] Device with IP 0.0.0.0 not found.
[INFO][RouteTable::set_route_item()] Insert the route item with IP 10.100.3.0 and next hop IP 10.100.2.2.

[INFO][deviceRecvPcapHandler()] Device veth2-1 with mac 86:14:e2:95:3f:ee capture an Ethernet frame from 4e:af:85:d6:a5:ba to ff:ff:ff:ff:ff:ff with ETHERTYPE 0x0123.
[INFO] The frame is RIP response packet.
[INFO][handleRIPReply()]
[INFO][Device::getDeviceByIPPrefix(ip)] Device veth2-1 found with id 0 and ip 10.100.1.1.
[ERROR][Device::getDeviceByIP(ip)] Device with IP 0.0.0.0 not found.
[INFO][Device::getDeviceByIP(ip)] Device veth2-1 found with id 0 and ip 10.100.1.2.
[INFO][Device::getDeviceByIP(ip)] Device veth2-1 found with id 0 and ip 10.100.1.2.
[INFO][sendRIPRequest()] Device veth2-1 send RIP request.
[INFO][Device::sendFrame()] Device veth2-1 send ether frame with ethtype 0x123.
[INFO][sendRIPRequest()] Device veth2-3 send RIP request.
[INFO][Device::sendFrame()] Device veth2-3 send ether frame with ethtype 0x123.

[INFO][deviceRecvPcapHandler()] Device veth2-1 with mac 86:14:e2:95:3f:ee capture an Ethernet frame from 4e:af:85:d6:a5:ba to ff:ff:ff:ff:ff:ff with ETHERTYPE 0x0123.
[INFO] The frame is RIP request packet.
[INFO][handleRIPRequest()]
[INFO][Device::getDeviceByIPPrefix(ip)] Device veth2-1 found with id 0 and ip 10.100.1.1.
[INFO][Device::sendFrame()] Device veth2-1 send ether frame with ethtype 0x123.
[INFO][sendRIPReply()] Device veth2-1 send RIP reply.

[INFO][deviceRecvPcapHandler()] Device veth2-3 with mac 22:cf:80:f5:87:14 capture an Ethernet frame from ba:1e:8c:fc:81:dd to ff:ff:ff:ff:ff:ff with ETHERTYPE 0x0123.
[INFO] The frame is RIP request packet.
[INFO][handleRIPRequest()]
[INFO][Device::getDeviceByIPPrefix(ip)] Device veth2-3 found with id 1 and ip 10.100.2.2.
[INFO][Device::sendFrame()] Device veth2-3 send ether frame with ethtype 0x123.
[INFO][sendRIPReply()] Device veth2-3 send RIP reply.

[INFO][deviceRecvPcapHandler()] Device veth2-3 with mac 22:cf:80:f5:87:14 capture an Ethernet frame from ba:1e:8c:fc:81:dd to ff:ff:ff:ff:ff:ff with ETHERTYPE 0x0123.
[INFO] The frame is RIP response packet.
[INFO][handleRIPReply()]
[INFO][Device::getDeviceByIPPrefix(ip)] Device veth2-3 found with id 1 and ip 10.100.2.2.
[INFO][Device::getDeviceByIP(ip)] Device veth2-3 found with id 1 and ip 10.100.2.1.
[ERROR][Device::getDeviceByIP(ip)] Device with IP 0.0.0.0 not found.
[ERROR][Device::getDeviceByIP(ip)] Device with IP 0.0.0.0 not found.
[INFO][RouteTable::set_route_item()] Insert the route item with IP 10.100.3.0 and next hop IP 10.100.2.2.

[INFO][deviceRecvPcapHandler()] Device veth2-1 with mac 86:14:e2:95:3f:ee capture an Ethernet frame from 4e:af:85:d6:a5:ba to ff:ff:ff:ff:ff:ff with ETHERTYPE 0x0123.
[INFO] The frame is RIP response packet.
[INFO][handleRIPReply()]
[INFO][Device::getDeviceByIPPrefix(ip)] Device veth2-1 found with id 0 and ip 10.100.1.1.
[ERROR][Device::getDeviceByIP(ip)] Device with IP 0.0.0.0 not found.
[INFO][Device::getDeviceByIP(ip)] Device veth2-1 found with id 0 and ip 10.100.1.2.
[INFO][Device::getDeviceByIP(ip)] Device veth2-1 found with id 0 and ip 10.100.1.2.
[INFO][sendRIPRequest()] Device veth2-1 send RIP request.
[INFO][Device::sendFrame()] Device veth2-1 send ether frame with ethtype 0x123.
[INFO][sendRIPRequest()] Device veth2-3 send RIP request.
[INFO][Device::sendFrame()] Device veth2-3 send ether frame with ethtype 0x123.

[INFO][deviceRecvPcapHandler()] Device veth2-1 with mac 86:14:e2:95:3f:ee capture an Ethernet frame from 4e:af:85:d6:a5:ba to ff:ff:ff:ff:ff:ff with ETHERTYPE 0x0123.
[INFO] The frame is RIP request packet.
[INFO][handleRIPRequest()]
[INFO][Device::getDeviceByIPPrefix(ip)] Device veth2-1 found with id 0 and ip 10.100.1.1.
[INFO][Device::sendFrame()] Device veth2-1 send ether frame with ethtype 0x123.
[INFO][sendRIPReply()] Device veth2-1 send RIP reply.

[INFO][deviceRecvPcapHandler()] Device veth2-3 with mac 22:cf:80:f5:87:14 capture an Ethernet frame from ba:1e:8c:fc:81:dd to ff:ff:ff:ff:ff:ff with ETHERTYPE 0x0123.
[INFO] The frame is RIP request packet.
[INFO][handleRIPRequest()]
[INFO][Device::getDeviceByIPPrefix(ip)] Device veth2-3 found with id 1 and ip 10.100.2.2.
[INFO][Device::sendFrame()] Device veth2-3 send ether frame with ethtype 0x123.
[INFO][sendRIPReply()] Device veth2-3 send RIP reply.

[INFO][deviceRecvPcapHandler()] Device veth2-3 with mac 22:cf:80:f5:87:14 capture an Ethernet frame from ba:1e:8c:fc:81:dd to ff:ff:ff:ff:ff:ff with ETHERTYPE 0x0123.
[INFO] The frame is RIP response packet.
[INFO][handleRIPReply()]
[INFO][Device::getDeviceByIPPrefix(ip)] Device veth2-3 found with id 1 and ip 10.100.2.2.
[INFO][Device::getDeviceByIP(ip)] Device veth2-3 found with id 1 and ip 10.100.2.1.
[ERROR][Device::getDeviceByIP(ip)] Device with IP 0.0.0.0 not found.
[ERROR][Device::getDeviceByIP(ip)] Device with IP 0.0.0.0 not found.
[INFO][RouteTable::set_route_item()] Insert the route item with IP 10.100.3.0 and next hop IP 10.100.2.2.

[INFO][deviceRecvPcapHandler()] Device veth2-3 with mac 22:cf:80:f5:87:14 capture an Ethernet frame from ba:1e:8c:fc:81:dd to 33:33:00:00:00:02 with ETHERTYPE 0x86dd.
[INFO] The frame's destination dosn't match, drop it.

[INFO][deviceRecvPcapHandler()] Device veth2-1 with mac 86:14:e2:95:3f:ee capture an Ethernet frame from 4e:af:85:d6:a5:ba to ff:ff:ff:ff:ff:ff with ETHERTYPE 0x0123.
[INFO] The frame is RIP response packet.
[INFO][handleRIPReply()]
[INFO][Device::getDeviceByIPPrefix(ip)] Device veth2-1 found with id 0 and ip 10.100.1.1.
[ERROR][Device::getDeviceByIP(ip)] Device with IP 0.0.0.0 not found.
[INFO][Device::getDeviceByIP(ip)] Device veth2-1 found with id 0 and ip 10.100.1.2.
[INFO][Device::getDeviceByIP(ip)] Device veth2-1 found with id 0 and ip 10.100.1.2.

[INFO][deviceRecvPcapHandler()] Device veth2-1 with mac 86:14:e2:95:3f:ee capture an Ethernet frame from 86:14:e2:95:3f:ee to 33:33:00:00:00:02 with ETHERTYPE 0x86dd.
[INFO] The frame is from itself, drop it.

[INFO][deviceRecvPcapHandler()] Device veth2-1 with mac 86:14:e2:95:3f:ee capture an Ethernet frame from 4e:af:85:d6:a5:ba to 86:14:e2:95:3f:ee with ETHERTYPE 0x0800.
[INFO][handleIPPacket()]
[ERROR][Device::getDeviceByIP(ip)] Device with IP 10.100.3.2 not found.
[INFO][RouteTable::query_next_hop()] Query next hop at IP 10.100.3.2.
[INFO][RouteTable::query_next_hop()] The IP 10.100.3.2 has next hop 10.100.2.2.
[ERROR][DeviceManager::arpQueryMac()] IP 10.100.2.2 is not at arp_cache. I will send an ARP request.
[INFO][Device::sendFrame()] Device veth2-1 send ether frame with ethtype 0x806.
[INFO][sendARPRequest()] Device veth2-1 sends ARP request to IP 10.100.2.2
[INFO][Device::sendFrame()] Device veth2-3 send ether frame with ethtype 0x806.
[INFO][sendARPRequest()] Device veth2-3 sends ARP request to IP 10.100.2.2
[INFO][sendRIPRequest()] Device veth2-1 send RIP request.
[INFO][Device::sendFrame()] Device veth2-1 send ether frame with ethtype 0x123.
[INFO][sendRIPRequest()] Device veth2-3 send RIP request.
[INFO][Device::sendFrame()] Device veth2-3 send ether frame with ethtype 0x123.

[INFO][deviceRecvPcapHandler()] Device veth2-3 with mac 22:cf:80:f5:87:14 capture an Ethernet frame from ba:1e:8c:fc:81:dd to 22:cf:80:f5:87:14 with ETHERTYPE 0x0806.
[INFO] The frame is ARP reply packet.
[INFO][handleARPReply()]
[INFO][DeviceManager::arpInsert()] Insert entry with IP 10.100.2.2 and MAC ba:1e:8c:fc:81:dd in the arp_cache.

[INFO][deviceRecvPcapHandler()] Device veth2-3 with mac 22:cf:80:f5:87:14 capture an Ethernet frame from ba:1e:8c:fc:81:dd to ff:ff:ff:ff:ff:ff with ETHERTYPE 0x0123.
[INFO] The frame is RIP request packet.
[INFO][handleRIPRequest()]
[INFO][Device::getDeviceByIPPrefix(ip)] Device veth2-3 found with id 1 and ip 10.100.2.2.
[INFO][Device::sendFrame()] Device veth2-3 send ether frame with ethtype 0x123.
[INFO][sendRIPReply()] Device veth2-3 send RIP reply.
[INFO][Device::getDeviceByIPPrefix(ip)] Device veth2-3 found with id 1 and ip 10.100.2.2.
[INFO] Device "Ï€õ‡ with IP 10.100.1.2 forward IP packet from IP 10.100.1.1 to IP 10.100.3.2 with mac ba:1e:8c:fc:81:dd.
[INFO][Device::sendFrame()] Device veth2-3 send ether frame with ethtype 0x800.

[INFO][deviceRecvPcapHandler()] Device veth2-1 with mac 86:14:e2:95:3f:ee capture an Ethernet frame from 4e:af:85:d6:a5:ba to ff:ff:ff:ff:ff:ff with ETHERTYPE 0x0123.
[INFO] The frame is RIP request packet.
[INFO][handleRIPRequest()]
[INFO][Device::getDeviceByIPPrefix(ip)] Device veth2-1 found with id 0 and ip 10.100.1.1.
[INFO][Device::sendFrame()] Device veth2-1 send ether frame with ethtype 0x123.
[INFO][sendRIPReply()] Device veth2-1 send RIP reply.

[INFO][deviceRecvPcapHandler()] Device veth2-3 with mac 22:cf:80:f5:87:14 capture an Ethernet frame from ba:1e:8c:fc:81:dd to ff:ff:ff:ff:ff:ff with ETHERTYPE 0x0123.
[INFO] The frame is RIP response packet.
[INFO][handleRIPReply()]
[INFO][Device::getDeviceByIPPrefix(ip)] Device veth2-3 found with id 1 and ip 10.100.2.2.
[INFO][Device::getDeviceByIP(ip)] Device veth2-3 found with id 1 and ip 10.100.2.1.
[ERROR][Device::getDeviceByIP(ip)] Device with IP 0.0.0.0 not found.
[ERROR][Device::getDeviceByIP(ip)] Device with IP 0.0.0.0 not found.
[INFO][RouteTable::set_route_item()] Insert the route item with IP 10.100.3.0 and next hop IP 10.100.2.2.

[INFO][deviceRecvPcapHandler()] Device veth2-3 with mac 22:cf:80:f5:87:14 capture an Ethernet frame from 22:cf:80:f5:87:14 to 33:33:00:00:00:02 with ETHERTYPE 0x86dd.
[INFO] The frame is from itself, drop it.

[INFO][deviceRecvPcapHandler()] Device veth2-1 with mac 86:14:e2:95:3f:ee capture an Ethernet frame from 4e:af:85:d6:a5:ba to ff:ff:ff:ff:ff:ff with ETHERTYPE 0x0123.
[INFO] The frame is RIP response packet.
[INFO][handleRIPReply()]
[INFO][Device::getDeviceByIPPrefix(ip)] Device veth2-1 found with id 0 and ip 10.100.1.1.
[ERROR][Device::getDeviceByIP(ip)] Device with IP 0.0.0.0 not found.
[INFO][Device::getDeviceByIP(ip)] Device veth2-1 found with id 0 and ip 10.100.1.2.
[INFO][Device::getDeviceByIP(ip)] Device veth2-1 found with id 0 and ip 10.100.1.2.
[INFO][sendRIPRequest()] Device veth2-1 send RIP request.
[INFO][sendRIPRequest()] Device veth2-3 send RIP request.
[INFO][Device::sendFrame()] Device veth2-3 send ether frame with ethtype 0x123.
[INFO][Device::sendFrame()] Device veth2-1 send ether frame with ethtype 0x123.

[INFO][deviceRecvPcapHandler()] Device veth2-1 with mac 86:14:e2:95:3f:ee capture an Ethernet frame from 4e:af:85:d6:a5:ba to ff:ff:ff:ff:ff:ff with ETHERTYPE 0x0123.
[INFO] The frame is RIP request packet.
[INFO][handleRIPRequest()]
[INFO][Device::getDeviceByIPPrefix(ip)] Device veth2-1 found with id 0 and ip 10.100.1.1.
[INFO][Device::sendFrame()] Device veth2-1 send ether frame with ethtype 0x123.
[INFO][sendRIPReply()] Device veth2-1 send RIP reply.

[INFO][deviceRecvPcapHandler()] Device veth2-3 with mac 22:cf:80:f5:87:14 capture an Ethernet frame from ba:1e:8c:fc:81:dd to ff:ff:ff:ff:ff:ff with ETHERTYPE 0x0123.
[INFO] The frame is RIP request packet.
[INFO][handleRIPRequest()]
[INFO][Device::getDeviceByIPPrefix(ip)] Device veth2-3 found with id 1 and ip 10.100.2.2.
[INFO][Device::sendFrame()] Device veth2-3 send ether frame with ethtype 0x123.
[INFO][sendRIPReply()] Device veth2-3 send RIP reply.

[INFO][deviceRecvPcapHandler()] Device veth2-3 with mac 22:cf:80:f5:87:14 capture an Ethernet frame from ba:1e:8c:fc:81:dd to ff:ff:ff:ff:ff:ff with ETHERTYPE 0x0123.
[INFO] The frame is RIP response packet.
[INFO][handleRIPReply()]
[INFO][Device::getDeviceByIPPrefix(ip)] Device veth2-3 found with id 1 and ip 10.100.2.2.
[INFO][Device::getDeviceByIP(ip)] Device veth2-3 found with id 1 and ip 10.100.2.1.
[ERROR][Device::getDeviceByIP(ip)] Device with IP 0.0.0.0 not found.
[ERROR][Device::getDeviceByIP(ip)] Device with IP 0.0.0.0 not found.
[INFO][RouteTable::set_route_item()] Insert the route item with IP 10.100.3.0 and next hop IP 10.100.2.2.

[INFO][deviceRecvPcapHandler()] Device veth2-1 with mac 86:14:e2:95:3f:ee capture an Ethernet frame from 4e:af:85:d6:a5:ba to ff:ff:ff:ff:ff:ff with ETHERTYPE 0x0123.
[INFO] The frame is RIP response packet.
[INFO][handleRIPReply()]
[INFO][Device::getDeviceByIPPrefix(ip)] Device veth2-1 found with id 0 and ip 10.100.1.1.
[ERROR][Device::getDeviceByIP(ip)] Device with IP 0.0.0.0 not found.
[INFO][Device::getDeviceByIP(ip)] Device veth2-1 found with id 0 and ip 10.100.1.2.
[INFO][Device::getDeviceByIP(ip)] Device veth2-1 found with id 0 and ip 10.100.1.2.
[INFO][sendRIPRequest()] Device veth2-1 send RIP request.
[INFO][Device::sendFrame()] Device veth2-1 send ether frame with ethtype 0x123.
[INFO][sendRIPRequest()] Device veth2-3 send RIP request.
[INFO][Device::sendFrame()] Device veth2-3 send ether frame with ethtype 0x123.

[INFO][deviceRecvPcapHandler()] Device veth2-1 with mac 86:14:e2:95:3f:ee capture an Ethernet frame from 4e:af:85:d6:a5:ba to ff:ff:ff:ff:ff:ff with ETHERTYPE 0x0123.
[INFO] The frame is RIP request packet.
[INFO][handleRIPRequest()]
[INFO][Device::getDeviceByIPPrefix(ip)] Device veth2-1 found with id 0 and ip 10.100.1.1.
[INFO][Device::sendFrame()] Device veth2-1 send ether frame with ethtype 0x123.
[INFO][sendRIPReply()] Device veth2-1 send RIP reply.

[INFO][deviceRecvPcapHandler()] Device veth2-3 with mac 22:cf:80:f5:87:14 capture an Ethernet frame from ba:1e:8c:fc:81:dd to ff:ff:ff:ff:ff:ff with ETHERTYPE 0x0123.
[INFO] The frame is RIP request packet.
[INFO][handleRIPRequest()]
[INFO][Device::getDeviceByIPPrefix(ip)] Device veth2-3 found with id 1 and ip 10.100.2.2.
[INFO][Device::sendFrame()] Device veth2-3 send ether frame with ethtype 0x123.
[INFO][sendRIPReply()] Device veth2-3 send RIP reply.

[INFO][deviceRecvPcapHandler()] Device veth2-3 with mac 22:cf:80:f5:87:14 capture an Ethernet frame from ba:1e:8c:fc:81:dd to ff:ff:ff:ff:ff:ff with ETHERTYPE 0x0123.
[INFO] The frame is RIP response packet.
[INFO][handleRIPReply()]
[INFO][Device::getDeviceByIPPrefix(ip)] Device veth2-3 found with id 1 and ip 10.100.2.2.
[INFO][Device::getDeviceByIP(ip)] Device veth2-3 found with id 1 and ip 10.100.2.1.
[ERROR][Device::getDeviceByIP(ip)] Device with IP 0.0.0.0 not found.
[ERROR][Device::getDeviceByIP(ip)] Device with IP 0.0.0.0 not found.
[INFO][RouteTable::set_route_item()] Insert the route item with IP 10.100.3.0 and next hop IP 10.100.2.2.

[INFO][deviceRecvPcapHandler()] Device veth2-1 with mac 86:14:e2:95:3f:ee capture an Ethernet frame from 4e:af:85:d6:a5:ba to ff:ff:ff:ff:ff:ff with ETHERTYPE 0x0123.
[INFO] The frame is RIP response packet.
[INFO][handleRIPReply()]
[INFO][Device::getDeviceByIPPrefix(ip)] Device veth2-1 found with id 0 and ip 10.100.1.1.
[ERROR][Device::getDeviceByIP(ip)] Device with IP 0.0.0.0 not found.
[INFO][Device::getDeviceByIP(ip)] Device veth2-1 found with id 0 and ip 10.100.1.2.
[INFO][Device::getDeviceByIP(ip)] Device veth2-1 found with id 0 and ip 10.100.1.2.
[INFO][sendRIPRequest()] Device veth2-1 send RIP request.
[INFO][Device::sendFrame()] Device veth2-1 send ether frame with ethtype 0x123.
[INFO][sendRIPRequest()] Device veth2-3 send RIP request.
[INFO][Device::sendFrame()] Device veth2-3 send ether frame with ethtype 0x123.

[INFO][deviceRecvPcapHandler()] Device veth2-1 with mac 86:14:e2:95:3f:ee capture an Ethernet frame from 4e:af:85:d6:a5:ba to ff:ff:ff:ff:ff:ff with ETHERTYPE 0x0123.
[INFO] The frame is RIP request packet.
[INFO][handleRIPRequest()]
[INFO][Device::getDeviceByIPPrefix(ip)] Device veth2-1 found with id 0 and ip 10.100.1.1.
[INFO][Device::sendFrame()] Device veth2-1 send ether frame with ethtype 0x123.
[INFO][sendRIPReply()] Device veth2-1 send RIP reply.

[INFO][deviceRecvPcapHandler()] Device veth2-3 with mac 22:cf:80:f5:87:14 capture an Ethernet frame from ba:1e:8c:fc:81:dd to ff:ff:ff:ff:ff:ff with ETHERTYPE 0x0123.
[INFO] The frame is RIP request packet.
[INFO][handleRIPRequest()]
[INFO][Device::getDeviceByIPPrefix(ip)] Device veth2-3 found with id 1 and ip 10.100.2.2.
[INFO][Device::sendFrame()] Device veth2-3 send ether frame with ethtype 0x123.
[INFO][sendRIPReply()] Device veth2-3 send RIP reply.

[INFO][deviceRecvPcapHandler()] Device veth2-3 with mac 22:cf:80:f5:87:14 capture an Ethernet frame from ba:1e:8c:fc:81:dd to ff:ff:ff:ff:ff:ff with ETHERTYPE 0x0123.
[INFO] The frame is RIP response packet.
[INFO][handleRIPReply()]
[INFO][Device::getDeviceByIPPrefix(ip)] Device veth2-3 found with id 1 and ip 10.100.2.2.
[INFO][Device::getDeviceByIP(ip)] Device veth2-3 found with id 1 and ip 10.100.2.1.
[ERROR][Device::getDeviceByIP(ip)] Device with IP 0.0.0.0 not found.
[ERROR][Device::getDeviceByIP(ip)] Device with IP 0.0.0.0 not found.
[INFO][RouteTable::set_route_item()] Insert the route item with IP 10.100.3.0 and next hop IP 10.100.2.2.

[INFO][deviceRecvPcapHandler()] Device veth2-1 with mac 86:14:e2:95:3f:ee capture an Ethernet frame from 4e:af:85:d6:a5:ba to ff:ff:ff:ff:ff:ff with ETHERTYPE 0x0123.
[INFO] The frame is RIP response packet.
[INFO][handleRIPReply()]
[INFO][Device::getDeviceByIPPrefix(ip)] Device veth2-1 found with id 0 and ip 10.100.1.1.
[ERROR][Device::getDeviceByIP(ip)] Device with IP 0.0.0.0 not found.
[INFO][Device::getDeviceByIP(ip)] Device veth2-1 found with id 0 and ip 10.100.1.2.
[INFO][Device::getDeviceByIP(ip)] Device veth2-1 found with id 0 and ip 10.100.1.2.

[INFO][deviceRecvPcapHandler()] Device veth2-1 with mac 86:14:e2:95:3f:ee capture an Ethernet frame from 4e:af:85:d6:a5:ba to 33:33:00:00:00:02 with ETHERTYPE 0x86dd.
[INFO] The frame's destination dosn't match, drop it.
[INFO][sendRIPRequest()] Device veth2-1 send RIP request.
[INFO][Device::sendFrame()] Device veth2-1 send ether frame with ethtype 0x123.
[INFO][sendRIPRequest()] Device veth2-3 send RIP request.
[INFO][Device::sendFrame()] Device veth2-3 send ether frame with ethtype 0x123.
