[INFO] Device veth2-1 send frame 0:
src_mac: 0e:81:0f:32:f4:26
dst_mac: 32:03:88:c8:a4:75
pay_load: Hello! This is message 0 from device veth2-1 with mac 0e:81:0f:32:f4:26.
pay_load_len: 72
ethtype: 0x8888

[INFO] Device veth2-1 send frame 1:
src_mac: 0e:81:0f:32:f4:26
dst_mac: 32:03:88:c8:a4:75
pay_load: Hello! This is message 1 from device veth2-1 with mac 0e:81:0f:32:f4:26.
pay_load_len: 72
ethtype: 0x8888

[INFO] Device veth2-1 send frame 2:
src_mac: 0e:81:0f:32:f4:26
dst_mac: 32:03:88:c8:a4:75
pay_load: Hello! This is message 2 from device veth2-1 with mac 0e:81:0f:32:f4:26.
pay_load_len: 72
ethtype: 0x8888

[INFO] Device veth2-1 send frame 3:
src_mac: 0e:81:0f:32:f4:26
dst_mac: 32:03:88:c8:a4:75
pay_load: Hello! This is message 3 from device veth2-1 with mac 0e:81:0f:32:f4:26.
pay_load_len: 72
ethtype: 0x8888

[INFO] Device veth2-1 send frame 4:
src_mac: 0e:81:0f:32:f4:26
dst_mac: 32:03:88:c8:a4:75
pay_load: Hello! This is message 4 from device veth2-1 with mac 0e:81:0f:32:f4:26.
pay_load_len: 72
ethtype: 0x8888

[INFO] Device veth2-1 send frame 5:
src_mac: 0e:81:0f:32:f4:26
dst_mac: 32:03:88:c8:a4:75
pay_load: Hello! This is message 5 from device veth2-1 with mac 0e:81:0f:32:f4:26.
pay_load_len: 72
ethtype: 0x8888

[INFO] Device veth2-1 send frame 6:
src_mac: 0e:81:0f:32:f4:26
dst_mac: 32:03:88:c8:a4:75
pay_load: Hello! This is message 6 from device veth2-1 with mac 0e:81:0f:32:f4:26.
pay_load_len: 72
ethtype: 0x8888

[INFO] Device veth2-1 send frame 7:
src_mac: 0e:81:0f:32:f4:26
dst_mac: 32:03:88:c8:a4:75
pay_load: Hello! This is message 7 from device veth2-1 with mac 0e:81:0f:32:f4:26.
pay_load_len: 72
ethtype: 0x8888

[INFO] Device veth2-1 send frame 8:
src_mac: 0e:81:0f:32:f4:26
dst_mac: 32:03:88:c8:a4:75
pay_load: Hello! This is message 8 from device veth2-1 with mac 0e:81:0f:32:f4:26.
pay_load_len: 72
ethtype: 0x8888

[INFO] Device veth2-1 send frame 9:
src_mac: 0e:81:0f:32:f4:26
dst_mac: 32:03:88:c8:a4:75
pay_load: Hello! This is message 9 from device veth2-1 with mac 0e:81:0f:32:f4:26.
pay_load_len: 72
ethtype: 0x8888

[INFO] Device veth2-1 send frame 10:
src_mac: 0e:81:0f:32:f4:26
dst_mac: 32:03:88:c8:a4:75
pay_load: Hello! This is message 10 from device veth2-1 with mac 0e:81:0f:32:f4:26.
pay_load_len: 73
ethtype: 0x8888

[INFO] Device veth2-1 send frame 11:
src_mac: 0e:81:0f:32:f4:26
dst_mac: 32:03:88:c8:a4:75
pay_load: Hello! This is message 11 from device veth2-1 with mac 0e:81:0f:32:f4:26.
pay_load_len: 73
ethtype: 0x8888

[INFO] Device veth2-1 send frame 12:
src_mac: 0e:81:0f:32:f4:26
dst_mac: 32:03:88:c8:a4:75
pay_load: Hello! This is message 12 from device veth2-1 with mac 0e:81:0f:32:f4:26.
pay_load_len: 73
ethtype: 0x8888

[INFO] Device veth2-1 send frame 13:
src_mac: 0e:81:0f:32:f4:26
dst_mac: 32:03:88:c8:a4:75
pay_load: Hello! This is message 13 from device veth2-1 with mac 0e:81:0f:32:f4:26.
pay_load_len: 73
ethtype: 0x8888

[INFO] Device veth2-1 send frame 14:
src_mac: 0e:81:0f:32:f4:26
dst_mac: 32:03:88:c8:a4:75
pay_load: Hello! This is message 14 from device veth2-1 with mac 0e:81:0f:32:f4:26.
pay_load_len: 73
ethtype: 0x8888

[INFO] Device veth2-1 send frame 15:
src_mac: 0e:81:0f:32:f4:26
dst_mac: 32:03:88:c8:a4:75
pay_load: Hello! This is message 15 from device veth2-1 with mac 0e:81:0f:32:f4:26.
pay_load_len: 73
ethtype: 0x8888

[INFO] Device veth2-1 send frame 16:
src_mac: 0e:81:0f:32:f4:26
dst_mac: 32:03:88:c8:a4:75
pay_load: Hello! This is message 16 from device veth2-1 with mac 0e:81:0f:32:f4:26.
pay_load_len: 73
ethtype: 0x8888

[INFO] Device veth2-1 send frame 17:
src_mac: 0e:81:0f:32:f4:26
dst_mac: 32:03:88:c8:a4:75
pay_load: Hello! This is message 17 from device veth2-1 with mac 0e:81:0f:32:f4:26.
pay_load_len: 73
ethtype: 0x8888

[INFO] Device veth2-1 send frame 18:
src_mac: 0e:81:0f:32:f4:26
dst_mac: 32:03:88:c8:a4:75
pay_load: Hello! This is message 18 from device veth2-1 with mac 0e:81:0f:32:f4:26.
pay_load_len: 73
ethtype: 0x8888

[INFO] Device veth2-1 send frame 19:
src_mac: 0e:81:0f:32:f4:26
dst_mac: 32:03:88:c8:a4:75
pay_load: Hello! This is message 19 from device veth2-1 with mac 0e:81:0f:32:f4:26.
pay_load_len: 73
ethtype: 0x8888

[INFO] Device veth2-1 send frame 20:
src_mac: 0e:81:0f:32:f4:26
dst_mac: 32:03:88:c8:a4:75
pay_load: Hello! This is message 20 from device veth2-1 with mac 0e:81:0f:32:f4:26.
pay_load_len: 73
ethtype: 0x8888

[INFO] Device veth2-1 send frame 21:
src_mac: 0e:81:0f:32:f4:26
dst_mac: 32:03:88:c8:a4:75
pay_load: Hello! This is message 21 from device veth2-1 with mac 0e:81:0f:32:f4:26.
pay_load_len: 73
ethtype: 0x8888

[INFO] Device veth2-1 send frame 22:
src_mac: 0e:81:0f:32:f4:26
dst_mac: 32:03:88:c8:a4:75
pay_load: Hello! This is message 22 from device veth2-1 with mac 0e:81:0f:32:f4:26.
pay_load_len: 73
ethtype: 0x8888

[INFO] Device veth2-1 send frame 23:
src_mac: 0e:81:0f:32:f4:26
dst_mac: 32:03:88:c8:a4:75
pay_load: Hello! This is message 23 from device veth2-1 with mac 0e:81:0f:32:f4:26.
pay_load_len: 73
ethtype: 0x8888

[INFO] Device veth2-1 send frame 24:
src_mac: 0e:81:0f:32:f4:26
dst_mac: 32:03:88:c8:a4:75
pay_load: Hello! This is message 24 from device veth2-1 with mac 0e:81:0f:32:f4:26.
pay_load_len: 73
ethtype: 0x8888

[INFO] Device veth2-1 send frame 25:
src_mac: 0e:81:0f:32:f4:26
dst_mac: 32:03:88:c8:a4:75
pay_load: Hello! This is message 25 from device veth2-1 with mac 0e:81:0f:32:f4:26.
pay_load_len: 73
ethtype: 0x8888

[INFO] Device veth2-1 send frame 26:
src_mac: 0e:81:0f:32:f4:26
dst_mac: 32:03:88:c8:a4:75
pay_load: Hello! This is message 26 from device veth2-1 with mac 0e:81:0f:32:f4:26.
pay_load_len: 73
ethtype: 0x8888

[INFO] Device veth2-1 send frame 27:
src_mac: 0e:81:0f:32:f4:26
dst_mac: 32:03:88:c8:a4:75
pay_load: Hello! This is message 27 from device veth2-1 with mac 0e:81:0f:32:f4:26.
pay_load_len: 73
ethtype: 0x8888

[INFO] Device veth2-1 send frame 28:
src_mac: 0e:81:0f:32:f4:26
dst_mac: 32:03:88:c8:a4:75
pay_load: Hello! This is message 28 from device veth2-1 with mac 0e:81:0f:32:f4:26.
pay_load_len: 73
ethtype: 0x8888

[INFO] Device veth2-1 send frame 29:
src_mac: 0e:81:0f:32:f4:26
dst_mac: 32:03:88:c8:a4:75
pay_load: Hello! This is message 29 from device veth2-1 with mac 0e:81:0f:32:f4:26.
pay_load_len: 73
ethtype: 0x8888

[INFO] Device veth2-1 send frame 30:
src_mac: 0e:81:0f:32:f4:26
dst_mac: 32:03:88:c8:a4:75
pay_load: Hello! This is message 30 from device veth2-1 with mac 0e:81:0f:32:f4:26.
pay_load_len: 73
ethtype: 0x8888

[INFO] Device veth2-1 send frame 31:
src_mac: 0e:81:0f:32:f4:26
dst_mac: 32:03:88:c8:a4:75
pay_load: Hello! This is message 31 from device veth2-1 with mac 0e:81:0f:32:f4:26.
pay_load_len: 73
ethtype: 0x8888

[INFO] Device veth2-1 send frame 32:
src_mac: 0e:81:0f:32:f4:26
dst_mac: 32:03:88:c8:a4:75
pay_load: Hello! This is message 32 from device veth2-1 with mac 0e:81:0f:32:f4:26.
pay_load_len: 73
ethtype: 0x8888

[INFO] Device veth2-1 send frame 33:
src_mac: 0e:81:0f:32:f4:26
dst_mac: 32:03:88:c8:a4:75
pay_load: Hello! This is message 33 from device veth2-1 with mac 0e:81:0f:32:f4:26.
pay_load_len: 73
ethtype: 0x8888

[INFO] Device veth2-1 send frame 34:
src_mac: 0e:81:0f:32:f4:26
dst_mac: 32:03:88:c8:a4:75
pay_load: Hello! This is message 34 from device veth2-1 with mac 0e:81:0f:32:f4:26.
pay_load_len: 73
ethtype: 0x8888

[INFO] Device veth2-1 send frame 35:
src_mac: 0e:81:0f:32:f4:26
dst_mac: 32:03:88:c8:a4:75
pay_load: Hello! This is message 35 from device veth2-1 with mac 0e:81:0f:32:f4:26.
pay_load_len: 73
ethtype: 0x8888

[INFO] Device veth2-1 send frame 36:
src_mac: 0e:81:0f:32:f4:26
dst_mac: 32:03:88:c8:a4:75
pay_load: Hello! This is message 36 from device veth2-1 with mac 0e:81:0f:32:f4:26.
pay_load_len: 73
ethtype: 0x8888

[INFO] Device veth2-1 send frame 37:
src_mac: 0e:81:0f:32:f4:26
dst_mac: 32:03:88:c8:a4:75
pay_load: Hello! This is message 37 from device veth2-1 with mac 0e:81:0f:32:f4:26.
pay_load_len: 73
ethtype: 0x8888

[INFO] Device veth2-1 send frame 38:
src_mac: 0e:81:0f:32:f4:26
dst_mac: 32:03:88:c8:a4:75
pay_load: Hello! This is message 38 from device veth2-1 with mac 0e:81:0f:32:f4:26.
pay_load_len: 73
ethtype: 0x8888

[INFO] Device veth2-1 send frame 39:
src_mac: 0e:81:0f:32:f4:26
dst_mac: 32:03:88:c8:a4:75
pay_load: Hello! This is message 39 from device veth2-1 with mac 0e:81:0f:32:f4:26.
pay_load_len: 73
ethtype: 0x8888

[INFO] Device veth2-1 send frame 40:
src_mac: 0e:81:0f:32:f4:26
dst_mac: 32:03:88:c8:a4:75
pay_load: Hello! This is message 40 from device veth2-1 with mac 0e:81:0f:32:f4:26.
pay_load_len: 73
ethtype: 0x8888

[INFO] Device veth2-1 send frame 41:
src_mac: 0e:81:0f:32:f4:26
dst_mac: 32:03:88:c8:a4:75
pay_load: Hello! This is message 41 from device veth2-1 with mac 0e:81:0f:32:f4:26.
pay_load_len: 73
ethtype: 0x8888

[INFO] Device veth2-1 send frame 42:
src_mac: 0e:81:0f:32:f4:26
dst_mac: 32:03:88:c8:a4:75
pay_load: Hello! This is message 42 from device veth2-1 with mac 0e:81:0f:32:f4:26.
pay_load_len: 73
ethtype: 0x8888

[INFO] Device veth2-1 send frame 43:
src_mac: 0e:81:0f:32:f4:26
dst_mac: 32:03:88:c8:a4:75
pay_load: Hello! This is message 43 from device veth2-1 with mac 0e:81:0f:32:f4:26.
pay_load_len: 73
ethtype: 0x8888

[INFO] Device veth2-1 send frame 44:
src_mac: 0e:81:0f:32:f4:26
dst_mac: 32:03:88:c8:a4:75
pay_load: Hello! This is message 44 from device veth2-1 with mac 0e:81:0f:32:f4:26.
pay_load_len: 73
ethtype: 0x8888

[INFO] Device veth2-1 send frame 45:
src_mac: 0e:81:0f:32:f4:26
dst_mac: 32:03:88:c8:a4:75
pay_load: Hello! This is message 45 from device veth2-1 with mac 0e:81:0f:32:f4:26.
pay_load_len: 73
ethtype: 0x8888

[INFO] Device veth2-1 send frame 46:
src_mac: 0e:81:0f:32:f4:26
dst_mac: 32:03:88:c8:a4:75
pay_load: Hello! This is message 46 from device veth2-1 with mac 0e:81:0f:32:f4:26.
pay_load_len: 73
ethtype: 0x8888

[INFO] Device veth2-1 send frame 47:
src_mac: 0e:81:0f:32:f4:26
dst_mac: 32:03:88:c8:a4:75
pay_load: Hello! This is message 47 from device veth2-1 with mac 0e:81:0f:32:f4:26.
pay_load_len: 73
ethtype: 0x8888

[INFO] Device veth2-1 send frame 48:
src_mac: 0e:81:0f:32:f4:26
dst_mac: 32:03:88:c8:a4:75
pay_load: Hello! This is message 48 from device veth2-1 with mac 0e:81:0f:32:f4:26.
pay_load_len: 73
ethtype: 0x8888

[INFO] Device veth2-1 send frame 49:
src_mac: 0e:81:0f:32:f4:26
dst_mac: 32:03:88:c8:a4:75
pay_load: Hello! This is message 49 from device veth2-1 with mac 0e:81:0f:32:f4:26.
pay_load_len: 73
ethtype: 0x8888

[INFO] Device veth2-1 send frame 50:
src_mac: 0e:81:0f:32:f4:26
dst_mac: 32:03:88:c8:a4:75
pay_load: Hello! This is message 50 from device veth2-1 with mac 0e:81:0f:32:f4:26.
pay_load_len: 73
ethtype: 0x8888

[INFO] Device veth2-1 send frame 51:
src_mac: 0e:81:0f:32:f4:26
dst_mac: 32:03:88:c8:a4:75
pay_load: Hello! This is message 51 from device veth2-1 with mac 0e:81:0f:32:f4:26.
pay_load_len: 73
ethtype: 0x8888

[INFO] Device veth2-1 send frame 52:
src_mac: 0e:81:0f:32:f4:26
dst_mac: 32:03:88:c8:a4:75
pay_load: Hello! This is message 52 from device veth2-1 with mac 0e:81:0f:32:f4:26.
pay_load_len: 73
ethtype: 0x8888

[INFO] Device veth2-1 send frame 53:
src_mac: 0e:81:0f:32:f4:26
dst_mac: 32:03:88:c8:a4:75
pay_load: Hello! This is message 53 from device veth2-1 with mac 0e:81:0f:32:f4:26.
pay_load_len: 73
ethtype: 0x8888

[INFO] Device veth2-1 send frame 54:
src_mac: 0e:81:0f:32:f4:26
dst_mac: 32:03:88:c8:a4:75
pay_load: Hello! This is message 54 from device veth2-1 with mac 0e:81:0f:32:f4:26.
pay_load_len: 73
ethtype: 0x8888

[INFO] Device veth2-1 send frame 55:
src_mac: 0e:81:0f:32:f4:26
dst_mac: 32:03:88:c8:a4:75
pay_load: Hello! This is message 55 from device veth2-1 with mac 0e:81:0f:32:f4:26.
pay_load_len: 73
ethtype: 0x8888

[INFO] Device veth2-1 send frame 56:
src_mac: 0e:81:0f:32:f4:26
dst_mac: 32:03:88:c8:a4:75
pay_load: Hello! This is message 56 from device veth2-1 with mac 0e:81:0f:32:f4:26.
pay_load_len: 73
ethtype: 0x8888

[INFO] Device veth2-1 send frame 57:
src_mac: 0e:81:0f:32:f4:26
dst_mac: 32:03:88:c8:a4:75
pay_load: Hello! This is message 57 from device veth2-1 with mac 0e:81:0f:32:f4:26.
pay_load_len: 73
ethtype: 0x8888

[INFO] Device veth2-1 send frame 58:
src_mac: 0e:81:0f:32:f4:26
dst_mac: 32:03:88:c8:a4:75
pay_load: Hello! This is message 58 from device veth2-1 with mac 0e:81:0f:32:f4:26.
pay_load_len: 73
ethtype: 0x8888

[INFO] Device veth2-1 send frame 59:
src_mac: 0e:81:0f:32:f4:26
dst_mac: 32:03:88:c8:a4:75
pay_load: Hello! This is message 59 from device veth2-1 with mac 0e:81:0f:32:f4:26.
pay_load_len: 73
ethtype: 0x8888

[INFO] Device veth2-1 send frame 60:
src_mac: 0e:81:0f:32:f4:26
dst_mac: 32:03:88:c8:a4:75
pay_load: Hello! This is message 60 from device veth2-1 with mac 0e:81:0f:32:f4:26.
pay_load_len: 73
ethtype: 0x8888

[INFO] Device veth2-1 send frame 61:
src_mac: 0e:81:0f:32:f4:26
dst_mac: 32:03:88:c8:a4:75
pay_load: Hello! This is message 61 from device veth2-1 with mac 0e:81:0f:32:f4:26.
pay_load_len: 73
ethtype: 0x8888

[INFO] Device veth2-1 send frame 62:
src_mac: 0e:81:0f:32:f4:26
dst_mac: 32:03:88:c8:a4:75
pay_load: Hello! This is message 62 from device veth2-1 with mac 0e:81:0f:32:f4:26.
pay_load_len: 73
ethtype: 0x8888

[INFO] Device veth2-1 send frame 63:
src_mac: 0e:81:0f:32:f4:26
dst_mac: 32:03:88:c8:a4:75
pay_load: Hello! This is message 63 from device veth2-1 with mac 0e:81:0f:32:f4:26.
pay_load_len: 73
ethtype: 0x8888

[INFO] Device veth2-1 send frame 64:
src_mac: 0e:81:0f:32:f4:26
dst_mac: 32:03:88:c8:a4:75
pay_load: Hello! This is message 64 from device veth2-1 with mac 0e:81:0f:32:f4:26.
pay_load_len: 73
ethtype: 0x8888

[INFO] Device veth2-1 send frame 65:
src_mac: 0e:81:0f:32:f4:26
dst_mac: 32:03:88:c8:a4:75
pay_load: Hello! This is message 65 from device veth2-1 with mac 0e:81:0f:32:f4:26.
pay_load_len: 73
ethtype: 0x8888

[INFO] Device veth2-1 send frame 66:
src_mac: 0e:81:0f:32:f4:26
dst_mac: 32:03:88:c8:a4:75
pay_load: Hello! This is message 66 from device veth2-1 with mac 0e:81:0f:32:f4:26.
pay_load_len: 73
ethtype: 0x8888

[INFO] Device veth2-1 send frame 67:
src_mac: 0e:81:0f:32:f4:26
dst_mac: 32:03:88:c8:a4:75
pay_load: Hello! This is message 67 from device veth2-1 with mac 0e:81:0f:32:f4:26.
pay_load_len: 73
ethtype: 0x8888

[INFO] Device veth2-1 send frame 68:
src_mac: 0e:81:0f:32:f4:26
dst_mac: 32:03:88:c8:a4:75
pay_load: Hello! This is message 68 from device veth2-1 with mac 0e:81:0f:32:f4:26.
pay_load_len: 73
ethtype: 0x8888

[INFO] Device veth2-1 send frame 69:
src_mac: 0e:81:0f:32:f4:26
dst_mac: 32:03:88:c8:a4:75
pay_load: Hello! This is message 69 from device veth2-1 with mac 0e:81:0f:32:f4:26.
pay_load_len: 73
ethtype: 0x8888

[INFO] Device veth2-1 send frame 70:
src_mac: 0e:81:0f:32:f4:26
dst_mac: 32:03:88:c8:a4:75
pay_load: Hello! This is message 70 from device veth2-1 with mac 0e:81:0f:32:f4:26.
pay_load_len: 73
ethtype: 0x8888

[INFO] Device veth2-1 send frame 71:
src_mac: 0e:81:0f:32:f4:26
dst_mac: 32:03:88:c8:a4:75
pay_load: Hello! This is message 71 from device veth2-1 with mac 0e:81:0f:32:f4:26.
pay_load_len: 73
ethtype: 0x8888

[INFO] Device veth2-1 send frame 72:
src_mac: 0e:81:0f:32:f4:26
dst_mac: 32:03:88:c8:a4:75
pay_load: Hello! This is message 72 from device veth2-1 with mac 0e:81:0f:32:f4:26.
pay_load_len: 73
ethtype: 0x8888

[INFO] Device veth2-1 send frame 73:
src_mac: 0e:81:0f:32:f4:26
dst_mac: 32:03:88:c8:a4:75
pay_load: Hello! This is message 73 from device veth2-1 with mac 0e:81:0f:32:f4:26.
pay_load_len: 73
ethtype: 0x8888

[INFO] Device veth2-1 send frame 74:
src_mac: 0e:81:0f:32:f4:26
dst_mac: 32:03:88:c8:a4:75
pay_load: Hello! This is message 74 from device veth2-1 with mac 0e:81:0f:32:f4:26.
pay_load_len: 73
ethtype: 0x8888

[INFO] Device veth2-1 send frame 75:
src_mac: 0e:81:0f:32:f4:26
dst_mac: 32:03:88:c8:a4:75
pay_load: Hello! This is message 75 from device veth2-1 with mac 0e:81:0f:32:f4:26.
pay_load_len: 73
ethtype: 0x8888

[INFO] Device veth2-1 send frame 76:
src_mac: 0e:81:0f:32:f4:26
dst_mac: 32:03:88:c8:a4:75
pay_load: Hello! This is message 76 from device veth2-1 with mac 0e:81:0f:32:f4:26.
pay_load_len: 73
ethtype: 0x8888

[INFO] Device veth2-1 send frame 77:
src_mac: 0e:81:0f:32:f4:26
dst_mac: 32:03:88:c8:a4:75
pay_load: Hello! This is message 77 from device veth2-1 with mac 0e:81:0f:32:f4:26.
pay_load_len: 73
ethtype: 0x8888

[INFO] Device veth2-1 send frame 78:
src_mac: 0e:81:0f:32:f4:26
dst_mac: 32:03:88:c8:a4:75
pay_load: Hello! This is message 78 from device veth2-1 with mac 0e:81:0f:32:f4:26.
pay_load_len: 73
ethtype: 0x8888

[INFO] Device veth2-1 send frame 79:
src_mac: 0e:81:0f:32:f4:26
dst_mac: 32:03:88:c8:a4:75
pay_load: Hello! This is message 79 from device veth2-1 with mac 0e:81:0f:32:f4:26.
pay_load_len: 73
ethtype: 0x8888

[INFO] Device veth2-1 send frame 80:
src_mac: 0e:81:0f:32:f4:26
dst_mac: 32:03:88:c8:a4:75
pay_load: Hello! This is message 80 from device veth2-1 with mac 0e:81:0f:32:f4:26.
pay_load_len: 73
ethtype: 0x8888

[INFO] Device veth2-1 send frame 81:
src_mac: 0e:81:0f:32:f4:26
dst_mac: 32:03:88:c8:a4:75
pay_load: Hello! This is message 81 from device veth2-1 with mac 0e:81:0f:32:f4:26.
pay_load_len: 73
ethtype: 0x8888

[INFO] Device veth2-1 send frame 82:
src_mac: 0e:81:0f:32:f4:26
dst_mac: 32:03:88:c8:a4:75
pay_load: Hello! This is message 82 from device veth2-1 with mac 0e:81:0f:32:f4:26.
pay_load_len: 73
ethtype: 0x8888

[INFO] Device veth2-1 send frame 83:
src_mac: 0e:81:0f:32:f4:26
dst_mac: 32:03:88:c8:a4:75
pay_load: Hello! This is message 83 from device veth2-1 with mac 0e:81:0f:32:f4:26.
pay_load_len: 73
ethtype: 0x8888

[INFO] Device veth2-1 send frame 84:
src_mac: 0e:81:0f:32:f4:26
dst_mac: 32:03:88:c8:a4:75
pay_load: Hello! This is message 84 from device veth2-1 with mac 0e:81:0f:32:f4:26.
pay_load_len: 73
ethtype: 0x8888

[INFO] Device veth2-1 send frame 85:
src_mac: 0e:81:0f:32:f4:26
dst_mac: 32:03:88:c8:a4:75
pay_load: Hello! This is message 85 from device veth2-1 with mac 0e:81:0f:32:f4:26.
pay_load_len: 73
ethtype: 0x8888

[INFO] Device veth2-1 send frame 86:
src_mac: 0e:81:0f:32:f4:26
dst_mac: 32:03:88:c8:a4:75
pay_load: Hello! This is message 86 from device veth2-1 with mac 0e:81:0f:32:f4:26.
pay_load_len: 73
ethtype: 0x8888

[INFO] Device veth2-1 send frame 87:
src_mac: 0e:81:0f:32:f4:26
dst_mac: 32:03:88:c8:a4:75
pay_load: Hello! This is message 87 from device veth2-1 with mac 0e:81:0f:32:f4:26.
pay_load_len: 73
ethtype: 0x8888

[INFO] Device veth2-1 send frame 88:
src_mac: 0e:81:0f:32:f4:26
dst_mac: 32:03:88:c8:a4:75
pay_load: Hello! This is message 88 from device veth2-1 with mac 0e:81:0f:32:f4:26.
pay_load_len: 73
ethtype: 0x8888

[INFO] Device veth2-1 send frame 89:
src_mac: 0e:81:0f:32:f4:26
dst_mac: 32:03:88:c8:a4:75
pay_load: Hello! This is message 89 from device veth2-1 with mac 0e:81:0f:32:f4:26.
pay_load_len: 73
ethtype: 0x8888

[INFO] Device veth2-1 send frame 90:
src_mac: 0e:81:0f:32:f4:26
dst_mac: 32:03:88:c8:a4:75
pay_load: Hello! This is message 90 from device veth2-1 with mac 0e:81:0f:32:f4:26.
pay_load_len: 73
ethtype: 0x8888

[INFO] Device veth2-1 send frame 91:
src_mac: 0e:81:0f:32:f4:26
dst_mac: 32:03:88:c8:a4:75
pay_load: Hello! This is message 91 from device veth2-1 with mac 0e:81:0f:32:f4:26.
pay_load_len: 73
ethtype: 0x8888

[INFO] Device veth2-1 send frame 92:
src_mac: 0e:81:0f:32:f4:26
dst_mac: 32:03:88:c8:a4:75
pay_load: Hello! This is message 92 from device veth2-1 with mac 0e:81:0f:32:f4:26.
pay_load_len: 73
ethtype: 0x8888

[INFO] Device veth2-1 send frame 93:
src_mac: 0e:81:0f:32:f4:26
dst_mac: 32:03:88:c8:a4:75
pay_load: Hello! This is message 93 from device veth2-1 with mac 0e:81:0f:32:f4:26.
pay_load_len: 73
ethtype: 0x8888

[INFO] Device veth2-1 send frame 94:
src_mac: 0e:81:0f:32:f4:26
dst_mac: 32:03:88:c8:a4:75
pay_load: Hello! This is message 94 from device veth2-1 with mac 0e:81:0f:32:f4:26.
pay_load_len: 73
ethtype: 0x8888

[INFO] Device veth2-1 send frame 95:
src_mac: 0e:81:0f:32:f4:26
dst_mac: 32:03:88:c8:a4:75
pay_load: Hello! This is message 95 from device veth2-1 with mac 0e:81:0f:32:f4:26.
pay_load_len: 73
ethtype: 0x8888

[INFO] Device veth2-1 send frame 96:
src_mac: 0e:81:0f:32:f4:26
dst_mac: 32:03:88:c8:a4:75
pay_load: Hello! This is message 96 from device veth2-1 with mac 0e:81:0f:32:f4:26.
pay_load_len: 73
ethtype: 0x8888

[INFO] Device veth2-1 send frame 97:
src_mac: 0e:81:0f:32:f4:26
dst_mac: 32:03:88:c8:a4:75
pay_load: Hello! This is message 97 from device veth2-1 with mac 0e:81:0f:32:f4:26.
pay_load_len: 73
ethtype: 0x8888

[INFO] Device veth2-1 send frame 98:
src_mac: 0e:81:0f:32:f4:26
dst_mac: 32:03:88:c8:a4:75
pay_load: Hello! This is message 98 from device veth2-1 with mac 0e:81:0f:32:f4:26.
pay_load_len: 73
ethtype: 0x8888

[INFO] Device veth2-1 send frame 99:
src_mac: 0e:81:0f:32:f4:26
dst_mac: 32:03:88:c8:a4:75
pay_load: Hello! This is message 99 from device veth2-1 with mac 0e:81:0f:32:f4:26.
pay_load_len: 73
ethtype: 0x8888

