[INFO] Device veth2-1 ready to receive 10 frames.
[INFO] Device veth2-1 receive frame 0.
src_mac: 3e:f7:d9:a6:0d:ca
dst_mac: 72:c3:cc:32:85:d3
pay_load: Eth Test
ethtype: 0x88b6

[INFO] Device veth2-1 receive frame 1.
src_mac: 3e:f7:d9:a6:0d:ca
dst_mac: 72:c3:cc:32:85:d3
pay_load: Eth Test
ethtype: 0x88b6

[INFO] Device veth2-1 receive frame 2.
src_mac: 3e:f7:d9:a6:0d:ca
dst_mac: 72:c3:cc:32:85:d3
pay_load: Eth Test
ethtype: 0x88b6

[INFO] Device veth2-1 receive frame 3.
src_mac: 3e:f7:d9:a6:0d:ca
dst_mac: 72:c3:cc:32:85:d3
pay_load: Eth Test
ethtype: 0x88b6

[INFO] Device veth2-1 receive frame 4.
src_mac: 3e:f7:d9:a6:0d:ca
dst_mac: 72:c3:cc:32:85:d3
pay_load: Eth Test
ethtype: 0x88b6

[INFO] Device veth2-1 receive frame 5.
src_mac: 3e:f7:d9:a6:0d:ca
dst_mac: 72:c3:cc:32:85:d3
pay_load: Eth Test
ethtype: 0x88b6

[INFO] Device veth2-1 receive frame 6.
src_mac: 3e:f7:d9:a6:0d:ca
dst_mac: 72:c3:cc:32:85:d3
pay_load: Eth Test
ethtype: 0x88b6

[INFO] Device veth2-1 receive frame 7.
src_mac: 3e:f7:d9:a6:0d:ca
dst_mac: 72:c3:cc:32:85:d3
pay_load: Eth Test
ethtype: 0x88b6

[INFO] Device veth2-1 receive frame 8.
src_mac: 3e:f7:d9:a6:0d:ca
dst_mac: 72:c3:cc:32:85:d3
pay_load: Eth Test
ethtype: 0x88b6

[INFO] Device veth2-1 receive frame 9.
src_mac: 3e:f7:d9:a6:0d:ca
dst_mac: 72:c3:cc:32:85:d3
pay_load: Eth Test
ethtype: 0x88b6

[INFO] Device veth2-1 has received 10 frames, expect 10 frames.
[INFO] Device veth2-1 stop receiving frames.
